2022-01-07 10:21:50.390 WARN  [main] [] org.springframework.boot.StartupInfoLogger: InetAddress.getLocalHost().getHostName() took 5004 milliseconds to respond. Please verify your network configuration (macOS machines may need to add entries to /etc/hosts).
2022-01-07 10:21:55.399 INFO  [main] [] com.whw.footstones.BasicApplicationTests: Starting BasicApplicationTests using Java 1.8.0_171 on chenlinyadeMacBook-Pro.local with PID 9544 (started by chenlinya in /Users/chenlinya/github/footstones/web)
2022-01-07 10:21:55.400 INFO  [main] [] com.whw.footstones.BasicApplicationTests: The following profiles are active: mysql,sharding,redis
2022-01-07 10:21:56.465 INFO  [main] [] o.s.d.r.config.RepositoryConfigurationDelegate: Multiple Spring Data modules found, entering strict repository configuration mode!
2022-01-07 10:21:56.468 INFO  [main] [] o.s.d.r.config.RepositoryConfigurationDelegate: Bootstrapping Spring Data Redis repositories in DEFAULT mode.
2022-01-07 10:21:56.498 INFO  [main] [] o.s.d.r.config.RepositoryConfigurationDelegate: Finished Spring Data repository scanning in 18 ms. Found 0 Redis repository interfaces.
2022-01-07 10:21:56.916 INFO  [main] [] o.s.c.s.PostProcessorRegistrationDelegate$BeanPostProcessorChecker: Bean 'stringToNoneShardingStrategyConfigurationConverter' of type [org.apache.shardingsphere.spring.boot.converter.StringToNoneShardingStrategyConfigurationConverter] is not eligible for getting processed by all BeanPostProcessors (for example: not eligible for auto-proxying)
2022-01-07 10:21:56.932 INFO  [main] [] o.s.c.s.PostProcessorRegistrationDelegate$BeanPostProcessorChecker: Bean 'spring.shardingsphere.sharding-org.apache.shardingsphere.shardingjdbc.spring.boot.sharding.SpringBootShardingRuleConfigurationProperties' of type [org.apache.shardingsphere.shardingjdbc.spring.boot.sharding.SpringBootShardingRuleConfigurationProperties] is not eligible for getting processed by all BeanPostProcessors (for example: not eligible for auto-proxying)
2022-01-07 10:21:56.937 INFO  [main] [] o.s.c.s.PostProcessorRegistrationDelegate$BeanPostProcessorChecker: Bean 'spring.shardingsphere.masterslave-org.apache.shardingsphere.shardingjdbc.spring.boot.masterslave.SpringBootMasterSlaveRuleConfigurationProperties' of type [org.apache.shardingsphere.shardingjdbc.spring.boot.masterslave.SpringBootMasterSlaveRuleConfigurationProperties] is not eligible for getting processed by all BeanPostProcessors (for example: not eligible for auto-proxying)
2022-01-07 10:21:56.941 INFO  [main] [] o.s.c.s.PostProcessorRegistrationDelegate$BeanPostProcessorChecker: Bean 'spring.shardingsphere.encrypt-org.apache.shardingsphere.shardingjdbc.spring.boot.encrypt.SpringBootEncryptRuleConfigurationProperties' of type [org.apache.shardingsphere.shardingjdbc.spring.boot.encrypt.SpringBootEncryptRuleConfigurationProperties] is not eligible for getting processed by all BeanPostProcessors (for example: not eligible for auto-proxying)
2022-01-07 10:21:56.946 INFO  [main] [] o.s.c.s.PostProcessorRegistrationDelegate$BeanPostProcessorChecker: Bean 'spring.shardingsphere.shadow-org.apache.shardingsphere.shardingjdbc.spring.boot.shadow.SpringBootShadowRuleConfigurationProperties' of type [org.apache.shardingsphere.shardingjdbc.spring.boot.shadow.SpringBootShadowRuleConfigurationProperties] is not eligible for getting processed by all BeanPostProcessors (for example: not eligible for auto-proxying)
2022-01-07 10:21:56.950 INFO  [main] [] o.s.c.s.PostProcessorRegistrationDelegate$BeanPostProcessorChecker: Bean 'spring.shardingsphere-org.apache.shardingsphere.shardingjdbc.spring.boot.common.SpringBootPropertiesConfigurationProperties' of type [org.apache.shardingsphere.shardingjdbc.spring.boot.common.SpringBootPropertiesConfigurationProperties] is not eligible for getting processed by all BeanPostProcessors (for example: not eligible for auto-proxying)
2022-01-07 10:21:57.232 INFO  [main] [] o.s.c.s.PostProcessorRegistrationDelegate$BeanPostProcessorChecker: Bean 'org.apache.shardingsphere.shardingjdbc.spring.boot.SpringBootConfiguration' of type [org.apache.shardingsphere.shardingjdbc.spring.boot.SpringBootConfiguration$$EnhancerBySpringCGLIB$$f52ca446] is not eligible for getting processed by all BeanPostProcessors (for example: not eligible for auto-proxying)
2022-01-07 10:21:57.881 INFO  [main] [] o.s.c.s.PostProcessorRegistrationDelegate$BeanPostProcessorChecker: Bean 'spring.cloud.sentinel-org.springframework.cloud.alibaba.sentinel.SentinelProperties' of type [org.springframework.cloud.alibaba.sentinel.SentinelProperties] is not eligible for getting processed by all BeanPostProcessors (for example: not eligible for auto-proxying)
2022-01-07 10:21:57.891 INFO  [main] [] o.s.c.s.PostProcessorRegistrationDelegate$BeanPostProcessorChecker: Bean 'org.springframework.cloud.alibaba.sentinel.custom.SentinelAutoConfiguration' of type [org.springframework.cloud.alibaba.sentinel.custom.SentinelAutoConfiguration$$EnhancerBySpringCGLIB$$1ea68910] is not eligible for getting processed by all BeanPostProcessors (for example: not eligible for auto-proxying)
2022-01-07 10:21:58.027 WARN  [main] [] i.n.resolver.dns.DnsServerAddressStreamProviders: Can not find io.netty.resolver.dns.macos.MacOSDnsServerAddressStreamProvider in the classpath, fallback to system defaults. This may result in incorrect DNS resolutions on MacOS.
2022-01-07 10:21:58.677 INFO  [main] [] com.alibaba.druid.pool.DruidDataSource: {dataSource-1} inited
2022-01-07 10:21:58.914 INFO  [main] [] com.alibaba.druid.pool.DruidDataSource: {dataSource-2} inited
2022-01-07 10:21:59.005 INFO  [main] [] o.a.shardingsphere.core.log.ConfigurationLogger: ShardingRuleConfiguration:
bindingTables:
- t_order
- t_order_item
broadcastTables:
- t_config
defaultDataSourceName: db-0
tables:
  t_order:
    actualDataNodes: db-$->{0..1}.t_order_$->{0..2}
    databaseStrategy:
      inline:
        algorithmExpression: db-$->{order_id % 2}
        shardingColumn: order_id
    keyGenerator:
      column: order_id
      type: SNOWFLAKE
    logicTable: t_order
    tableStrategy:
      inline:
        algorithmExpression: t_order_$->{order_id % 3}
        shardingColumn: order_id

2022-01-07 10:21:59.006 INFO  [main] [] o.a.shardingsphere.core.log.ConfigurationLogger: Properties:
sql.show: 'true'

2022-01-07 10:21:59.011 INFO  [main] [] ShardingSphere-metadata: Loading 1 logic tables' meta data.
2022-01-07 10:21:59.039 INFO  [main] [] ShardingSphere-metadata: Loading 9 tables' meta data.
2022-01-07 10:21:59.082 INFO  [main] [] ShardingSphere-metadata: Meta data load finished, cost 76 milliseconds.
2022-01-07 10:21:59.397 WARN  [main] [] c.b.mybatisplus.core.metadata.TableInfoHelper: Can not find table primary key in Class: "com.whw.footstones.entity.TOrder0Entity".
2022-01-07 10:22:19.830 INFO  [main] [] org.redisson.Version: Redisson 3.11.1
2022-01-07 10:22:25.030 INFO  [redisson-netty-4-10] [] o.r.connection.pool.MasterPubSubConnectionPool: 1 connections initialized for 127.0.0.1/127.0.0.1:6379
2022-01-07 10:22:25.033 INFO  [redisson-netty-4-18] [] org.redisson.connection.pool.MasterConnectionPool: 24 connections initialized for 127.0.0.1/127.0.0.1:6379
2022-01-07 10:22:27.245 INFO  [main] [] o.s.c.a.sentinel.SentinelWebAutoConfiguration: [Sentinel Starter] register Sentinel with urlPatterns: [/*].
2022-01-07 10:22:27.274 INFO  [main] [] o.s.b.actuate.endpoint.web.EndpointLinksResolver: Exposing 1 endpoint(s) beneath base path '/actuator'
2022-01-07 10:22:27.355 INFO  [main] [] com.whw.footstones.BasicApplicationTests: Started BasicApplicationTests in 52.414 seconds (JVM running for 53.226)
2022-01-07 10:22:27.794 INFO  [SpringApplicationShutdownHook] [] com.alibaba.druid.pool.DruidDataSource: {dataSource-1} closed
2022-01-07 10:22:27.795 INFO  [SpringApplicationShutdownHook] [] com.alibaba.druid.pool.DruidDataSource: {dataSource-2} closed
