2021-10-08 09:49:52.063 INFO  [main] [] com.whw.footstones.BasicApplication: Starting BasicApplication using Java 1.8.0_171 on 172-15-16-63.lightspeed.brhmal.sbcglobal.net with PID 1261 (/Users/chenlinya/github/footstones/web/target/classes started by chenlinya in /Users/chenlinya/github/footstones)
2021-10-08 09:49:52.065 INFO  [main] [] com.whw.footstones.BasicApplication: The following profiles are active: mysql,sharding
2021-10-08 09:49:53.183 INFO  [main] [] o.s.d.r.config.RepositoryConfigurationDelegate: Multiple Spring Data modules found, entering strict repository configuration mode!
2021-10-08 09:49:53.186 INFO  [main] [] o.s.d.r.config.RepositoryConfigurationDelegate: Bootstrapping Spring Data Redis repositories in DEFAULT mode.
2021-10-08 09:49:53.221 INFO  [main] [] o.s.d.r.config.RepositoryConfigurationDelegate: Finished Spring Data repository scanning in 15 ms. Found 0 Redis repository interfaces.
2021-10-08 09:49:53.503 INFO  [main] [] o.s.c.s.PostProcessorRegistrationDelegate$BeanPostProcessorChecker: Bean 'stringToNoneShardingStrategyConfigurationConverter' of type [org.apache.shardingsphere.spring.boot.converter.StringToNoneShardingStrategyConfigurationConverter] is not eligible for getting processed by all BeanPostProcessors (for example: not eligible for auto-proxying)
2021-10-08 09:49:53.517 INFO  [main] [] o.s.c.s.PostProcessorRegistrationDelegate$BeanPostProcessorChecker: Bean 'spring.shardingsphere.sharding-org.apache.shardingsphere.shardingjdbc.spring.boot.sharding.SpringBootShardingRuleConfigurationProperties' of type [org.apache.shardingsphere.shardingjdbc.spring.boot.sharding.SpringBootShardingRuleConfigurationProperties] is not eligible for getting processed by all BeanPostProcessors (for example: not eligible for auto-proxying)
2021-10-08 09:49:53.518 INFO  [main] [] o.s.c.s.PostProcessorRegistrationDelegate$BeanPostProcessorChecker: Bean 'spring.shardingsphere.masterslave-org.apache.shardingsphere.shardingjdbc.spring.boot.masterslave.SpringBootMasterSlaveRuleConfigurationProperties' of type [org.apache.shardingsphere.shardingjdbc.spring.boot.masterslave.SpringBootMasterSlaveRuleConfigurationProperties] is not eligible for getting processed by all BeanPostProcessors (for example: not eligible for auto-proxying)
2021-10-08 09:49:53.520 INFO  [main] [] o.s.c.s.PostProcessorRegistrationDelegate$BeanPostProcessorChecker: Bean 'spring.shardingsphere.encrypt-org.apache.shardingsphere.shardingjdbc.spring.boot.encrypt.SpringBootEncryptRuleConfigurationProperties' of type [org.apache.shardingsphere.shardingjdbc.spring.boot.encrypt.SpringBootEncryptRuleConfigurationProperties] is not eligible for getting processed by all BeanPostProcessors (for example: not eligible for auto-proxying)
2021-10-08 09:49:53.522 INFO  [main] [] o.s.c.s.PostProcessorRegistrationDelegate$BeanPostProcessorChecker: Bean 'spring.shardingsphere.shadow-org.apache.shardingsphere.shardingjdbc.spring.boot.shadow.SpringBootShadowRuleConfigurationProperties' of type [org.apache.shardingsphere.shardingjdbc.spring.boot.shadow.SpringBootShadowRuleConfigurationProperties] is not eligible for getting processed by all BeanPostProcessors (for example: not eligible for auto-proxying)
2021-10-08 09:49:53.524 INFO  [main] [] o.s.c.s.PostProcessorRegistrationDelegate$BeanPostProcessorChecker: Bean 'spring.shardingsphere-org.apache.shardingsphere.shardingjdbc.spring.boot.common.SpringBootPropertiesConfigurationProperties' of type [org.apache.shardingsphere.shardingjdbc.spring.boot.common.SpringBootPropertiesConfigurationProperties] is not eligible for getting processed by all BeanPostProcessors (for example: not eligible for auto-proxying)
2021-10-08 09:49:53.816 INFO  [main] [] o.s.c.s.PostProcessorRegistrationDelegate$BeanPostProcessorChecker: Bean 'org.apache.shardingsphere.shardingjdbc.spring.boot.SpringBootConfiguration' of type [org.apache.shardingsphere.shardingjdbc.spring.boot.SpringBootConfiguration$$EnhancerBySpringCGLIB$$fa78b801] is not eligible for getting processed by all BeanPostProcessors (for example: not eligible for auto-proxying)
2021-10-08 09:49:54.080 INFO  [main] [] o.s.c.s.PostProcessorRegistrationDelegate$BeanPostProcessorChecker: Bean 'spring.cloud.sentinel-org.springframework.cloud.alibaba.sentinel.SentinelProperties' of type [org.springframework.cloud.alibaba.sentinel.SentinelProperties] is not eligible for getting processed by all BeanPostProcessors (for example: not eligible for auto-proxying)
2021-10-08 09:49:54.085 INFO  [main] [] o.s.c.s.PostProcessorRegistrationDelegate$BeanPostProcessorChecker: Bean 'org.springframework.cloud.alibaba.sentinel.custom.SentinelAutoConfiguration' of type [org.springframework.cloud.alibaba.sentinel.custom.SentinelAutoConfiguration$$EnhancerBySpringCGLIB$$23f29ccb] is not eligible for getting processed by all BeanPostProcessors (for example: not eligible for auto-proxying)
2021-10-08 09:49:54.304 INFO  [main] [] o.s.boot.web.embedded.tomcat.TomcatWebServer: Tomcat initialized with port(s): 9090 (http)
2021-10-08 09:49:54.312 INFO  [main] [] org.apache.catalina.core.StandardService: Starting service [Tomcat]
2021-10-08 09:49:54.313 INFO  [main] [] org.apache.catalina.core.StandardEngine: Starting Servlet engine: [Apache Tomcat/9.0.52]
2021-10-08 09:49:54.380 INFO  [main] [] o.a.c.core.ContainerBase.[Tomcat].[localhost].[/]: Initializing Spring embedded WebApplicationContext
2021-10-08 09:49:54.381 INFO  [main] [] o.s.b.w.s.c.ServletWebServerApplicationContext: Root WebApplicationContext: initialization completed in 2127 ms
2021-10-08 09:49:54.469 INFO  [main] [] o.s.c.a.sentinel.SentinelWebAutoConfiguration: [Sentinel Starter] register Sentinel with urlPatterns: [/*].
2021-10-08 09:49:54.613 WARN  [main] [] i.n.resolver.dns.DnsServerAddressStreamProviders: Can not find io.netty.resolver.dns.macos.MacOSDnsServerAddressStreamProvider in the classpath, fallback to system defaults. This may result in incorrect DNS resolutions on MacOS.
2021-10-08 09:49:55.025 INFO  [main] [] com.alibaba.druid.pool.DruidDataSource: {dataSource-1} inited
2021-10-08 09:49:55.237 INFO  [main] [] com.alibaba.druid.pool.DruidDataSource: {dataSource-2} inited
2021-10-08 09:49:55.328 INFO  [main] [] o.a.shardingsphere.core.log.ConfigurationLogger: ShardingRuleConfiguration:
bindingTables:
- t_order
- t_order_item
broadcastTables:
- t_config
defaultDataSourceName: db-0
tables:
  t_order:
    actualDataNodes: db-$->{0..1}.t_order_$->{0..2}
    databaseStrategy:
      inline:
        algorithmExpression: db-$->{order_id % 2}
        shardingColumn: order_id
    keyGenerator:
      column: order_id
      type: SNOWFLAKE
    logicTable: t_order
    tableStrategy:
      inline:
        algorithmExpression: t_order_$->{order_id % 3}
        shardingColumn: order_id

2021-10-08 09:49:55.329 INFO  [main] [] o.a.shardingsphere.core.log.ConfigurationLogger: Properties:
sql.show: 'true'

2021-10-08 09:49:55.334 INFO  [main] [] ShardingSphere-metadata: Loading 1 logic tables' meta data.
2021-10-08 09:49:55.384 INFO  [main] [] ShardingSphere-metadata: Loading 7 tables' meta data.
2021-10-08 09:49:55.413 INFO  [main] [] ShardingSphere-metadata: Meta data load finished, cost 84 milliseconds.
2021-10-08 09:49:55.580 WARN  [main] [] c.b.mybatisplus.core.metadata.TableInfoHelper: Can not find table primary key in Class: "com.whw.footstones.entity.TOrder0Entity".
2021-10-08 09:49:56.536 INFO  [main] [] o.s.b.actuate.endpoint.web.EndpointLinksResolver: Exposing 1 endpoint(s) beneath base path '/actuator'
2021-10-08 09:49:56.590 INFO  [main] [] o.s.boot.web.embedded.tomcat.TomcatWebServer: Tomcat started on port(s): 9090 (http) with context path ''
2021-10-08 09:49:56.604 INFO  [main] [] com.whw.footstones.BasicApplication: Started BasicApplication in 4.93 seconds (JVM running for 5.738)
2021-10-08 09:49:59.405 INFO  [SpringApplicationShutdownHook] [] com.alibaba.druid.pool.DruidDataSource: {dataSource-1} closed
2021-10-08 09:49:59.405 INFO  [SpringApplicationShutdownHook] [] com.alibaba.druid.pool.DruidDataSource: {dataSource-2} closed
2021-10-08 19:40:42.906 INFO  [main] [] com.whw.footstones.BasicApplication: Starting BasicApplication using Java 1.8.0_171 on 172-15-16-63.lightspeed.brhmal.sbcglobal.net with PID 5347 (/Users/chenlinya/github/footstones/web/target/classes started by chenlinya in /Users/chenlinya/github/footstones)
2021-10-08 19:40:42.909 INFO  [main] [] com.whw.footstones.BasicApplication: The following profiles are active: mysql,sharding,redis
2021-10-08 19:40:44.011 INFO  [main] [] o.s.d.r.config.RepositoryConfigurationDelegate: Multiple Spring Data modules found, entering strict repository configuration mode!
2021-10-08 19:40:44.014 INFO  [main] [] o.s.d.r.config.RepositoryConfigurationDelegate: Bootstrapping Spring Data Redis repositories in DEFAULT mode.
2021-10-08 19:40:44.050 INFO  [main] [] o.s.d.r.config.RepositoryConfigurationDelegate: Finished Spring Data repository scanning in 16 ms. Found 0 Redis repository interfaces.
2021-10-08 19:40:44.321 INFO  [main] [] o.s.c.s.PostProcessorRegistrationDelegate$BeanPostProcessorChecker: Bean 'stringToNoneShardingStrategyConfigurationConverter' of type [org.apache.shardingsphere.spring.boot.converter.StringToNoneShardingStrategyConfigurationConverter] is not eligible for getting processed by all BeanPostProcessors (for example: not eligible for auto-proxying)
2021-10-08 19:40:44.334 INFO  [main] [] o.s.c.s.PostProcessorRegistrationDelegate$BeanPostProcessorChecker: Bean 'spring.shardingsphere.sharding-org.apache.shardingsphere.shardingjdbc.spring.boot.sharding.SpringBootShardingRuleConfigurationProperties' of type [org.apache.shardingsphere.shardingjdbc.spring.boot.sharding.SpringBootShardingRuleConfigurationProperties] is not eligible for getting processed by all BeanPostProcessors (for example: not eligible for auto-proxying)
2021-10-08 19:40:44.336 INFO  [main] [] o.s.c.s.PostProcessorRegistrationDelegate$BeanPostProcessorChecker: Bean 'spring.shardingsphere.masterslave-org.apache.shardingsphere.shardingjdbc.spring.boot.masterslave.SpringBootMasterSlaveRuleConfigurationProperties' of type [org.apache.shardingsphere.shardingjdbc.spring.boot.masterslave.SpringBootMasterSlaveRuleConfigurationProperties] is not eligible for getting processed by all BeanPostProcessors (for example: not eligible for auto-proxying)
2021-10-08 19:40:44.338 INFO  [main] [] o.s.c.s.PostProcessorRegistrationDelegate$BeanPostProcessorChecker: Bean 'spring.shardingsphere.encrypt-org.apache.shardingsphere.shardingjdbc.spring.boot.encrypt.SpringBootEncryptRuleConfigurationProperties' of type [org.apache.shardingsphere.shardingjdbc.spring.boot.encrypt.SpringBootEncryptRuleConfigurationProperties] is not eligible for getting processed by all BeanPostProcessors (for example: not eligible for auto-proxying)
2021-10-08 19:40:44.340 INFO  [main] [] o.s.c.s.PostProcessorRegistrationDelegate$BeanPostProcessorChecker: Bean 'spring.shardingsphere.shadow-org.apache.shardingsphere.shardingjdbc.spring.boot.shadow.SpringBootShadowRuleConfigurationProperties' of type [org.apache.shardingsphere.shardingjdbc.spring.boot.shadow.SpringBootShadowRuleConfigurationProperties] is not eligible for getting processed by all BeanPostProcessors (for example: not eligible for auto-proxying)
2021-10-08 19:40:44.341 INFO  [main] [] o.s.c.s.PostProcessorRegistrationDelegate$BeanPostProcessorChecker: Bean 'spring.shardingsphere-org.apache.shardingsphere.shardingjdbc.spring.boot.common.SpringBootPropertiesConfigurationProperties' of type [org.apache.shardingsphere.shardingjdbc.spring.boot.common.SpringBootPropertiesConfigurationProperties] is not eligible for getting processed by all BeanPostProcessors (for example: not eligible for auto-proxying)
2021-10-08 19:40:44.627 INFO  [main] [] o.s.c.s.PostProcessorRegistrationDelegate$BeanPostProcessorChecker: Bean 'org.apache.shardingsphere.shardingjdbc.spring.boot.SpringBootConfiguration' of type [org.apache.shardingsphere.shardingjdbc.spring.boot.SpringBootConfiguration$$EnhancerBySpringCGLIB$$56c11a77] is not eligible for getting processed by all BeanPostProcessors (for example: not eligible for auto-proxying)
2021-10-08 19:40:44.911 INFO  [main] [] o.s.c.s.PostProcessorRegistrationDelegate$BeanPostProcessorChecker: Bean 'spring.cloud.sentinel-org.springframework.cloud.alibaba.sentinel.SentinelProperties' of type [org.springframework.cloud.alibaba.sentinel.SentinelProperties] is not eligible for getting processed by all BeanPostProcessors (for example: not eligible for auto-proxying)
2021-10-08 19:40:44.916 INFO  [main] [] o.s.c.s.PostProcessorRegistrationDelegate$BeanPostProcessorChecker: Bean 'org.springframework.cloud.alibaba.sentinel.custom.SentinelAutoConfiguration' of type [org.springframework.cloud.alibaba.sentinel.custom.SentinelAutoConfiguration$$EnhancerBySpringCGLIB$$803aff41] is not eligible for getting processed by all BeanPostProcessors (for example: not eligible for auto-proxying)
2021-10-08 19:40:45.135 INFO  [main] [] o.s.boot.web.embedded.tomcat.TomcatWebServer: Tomcat initialized with port(s): 9090 (http)
2021-10-08 19:40:45.144 INFO  [main] [] org.apache.catalina.core.StandardService: Starting service [Tomcat]
2021-10-08 19:40:45.144 INFO  [main] [] org.apache.catalina.core.StandardEngine: Starting Servlet engine: [Apache Tomcat/9.0.52]
2021-10-08 19:40:45.216 INFO  [main] [] o.a.c.core.ContainerBase.[Tomcat].[localhost].[/]: Initializing Spring embedded WebApplicationContext
2021-10-08 19:40:45.216 INFO  [main] [] o.s.b.w.s.c.ServletWebServerApplicationContext: Root WebApplicationContext: initialization completed in 2101 ms
2021-10-08 19:40:45.308 INFO  [main] [] o.s.c.a.sentinel.SentinelWebAutoConfiguration: [Sentinel Starter] register Sentinel with urlPatterns: [/*].
2021-10-08 19:40:45.471 WARN  [main] [] i.n.resolver.dns.DnsServerAddressStreamProviders: Can not find io.netty.resolver.dns.macos.MacOSDnsServerAddressStreamProvider in the classpath, fallback to system defaults. This may result in incorrect DNS resolutions on MacOS.
2021-10-08 19:40:45.957 INFO  [main] [] com.alibaba.druid.pool.DruidDataSource: {dataSource-1} inited
2021-10-08 19:40:46.138 INFO  [main] [] com.alibaba.druid.pool.DruidDataSource: {dataSource-2} inited
2021-10-08 19:40:46.221 INFO  [main] [] o.a.shardingsphere.core.log.ConfigurationLogger: ShardingRuleConfiguration:
bindingTables:
- t_order
- t_order_item
broadcastTables:
- t_config
defaultDataSourceName: db-0
tables:
  t_order:
    actualDataNodes: db-$->{0..1}.t_order_$->{0..2}
    databaseStrategy:
      inline:
        algorithmExpression: db-$->{order_id % 2}
        shardingColumn: order_id
    keyGenerator:
      column: order_id
      type: SNOWFLAKE
    logicTable: t_order
    tableStrategy:
      inline:
        algorithmExpression: t_order_$->{order_id % 3}
        shardingColumn: order_id

2021-10-08 19:40:46.222 INFO  [main] [] o.a.shardingsphere.core.log.ConfigurationLogger: Properties:
sql.show: 'true'

2021-10-08 19:40:46.225 INFO  [main] [] ShardingSphere-metadata: Loading 1 logic tables' meta data.
2021-10-08 19:40:46.249 INFO  [main] [] ShardingSphere-metadata: Loading 7 tables' meta data.
2021-10-08 19:40:46.276 INFO  [main] [] ShardingSphere-metadata: Meta data load finished, cost 54 milliseconds.
2021-10-08 19:40:46.437 WARN  [main] [] c.b.mybatisplus.core.metadata.TableInfoHelper: Can not find table primary key in Class: "com.whw.footstones.entity.TOrder0Entity".
2021-10-08 19:40:47.445 INFO  [main] [] o.s.b.actuate.endpoint.web.EndpointLinksResolver: Exposing 1 endpoint(s) beneath base path '/actuator'
2021-10-08 19:40:47.498 INFO  [main] [] o.s.boot.web.embedded.tomcat.TomcatWebServer: Tomcat started on port(s): 9090 (http) with context path ''
2021-10-08 19:40:47.512 INFO  [main] [] com.whw.footstones.BasicApplication: Started BasicApplication in 5.065 seconds (JVM running for 5.862)
2021-10-08 19:47:34.991 INFO  [SpringApplicationShutdownHook] [] com.alibaba.druid.pool.DruidDataSource: {dataSource-1} closed
2021-10-08 19:47:34.991 INFO  [SpringApplicationShutdownHook] [] com.alibaba.druid.pool.DruidDataSource: {dataSource-2} closed
2021-10-08 19:47:40.073 INFO  [main] [] com.whw.footstones.BasicApplication: Starting BasicApplication using Java 1.8.0_171 on 172-15-16-63.lightspeed.brhmal.sbcglobal.net with PID 5401 (/Users/chenlinya/github/footstones/web/target/classes started by chenlinya in /Users/chenlinya/github/footstones)
2021-10-08 19:47:40.074 INFO  [main] [] com.whw.footstones.BasicApplication: The following profiles are active: mysql,sharding,redis
2021-10-08 19:47:40.806 INFO  [main] [] o.s.d.r.config.RepositoryConfigurationDelegate: Multiple Spring Data modules found, entering strict repository configuration mode!
2021-10-08 19:47:40.808 INFO  [main] [] o.s.d.r.config.RepositoryConfigurationDelegate: Bootstrapping Spring Data Redis repositories in DEFAULT mode.
2021-10-08 19:47:40.829 INFO  [main] [] o.s.d.r.config.RepositoryConfigurationDelegate: Finished Spring Data repository scanning in 11 ms. Found 0 Redis repository interfaces.
2021-10-08 19:47:41.037 INFO  [main] [] o.s.c.s.PostProcessorRegistrationDelegate$BeanPostProcessorChecker: Bean 'stringToNoneShardingStrategyConfigurationConverter' of type [org.apache.shardingsphere.spring.boot.converter.StringToNoneShardingStrategyConfigurationConverter] is not eligible for getting processed by all BeanPostProcessors (for example: not eligible for auto-proxying)
2021-10-08 19:47:41.048 INFO  [main] [] o.s.c.s.PostProcessorRegistrationDelegate$BeanPostProcessorChecker: Bean 'spring.shardingsphere.sharding-org.apache.shardingsphere.shardingjdbc.spring.boot.sharding.SpringBootShardingRuleConfigurationProperties' of type [org.apache.shardingsphere.shardingjdbc.spring.boot.sharding.SpringBootShardingRuleConfigurationProperties] is not eligible for getting processed by all BeanPostProcessors (for example: not eligible for auto-proxying)
2021-10-08 19:47:41.050 INFO  [main] [] o.s.c.s.PostProcessorRegistrationDelegate$BeanPostProcessorChecker: Bean 'spring.shardingsphere.masterslave-org.apache.shardingsphere.shardingjdbc.spring.boot.masterslave.SpringBootMasterSlaveRuleConfigurationProperties' of type [org.apache.shardingsphere.shardingjdbc.spring.boot.masterslave.SpringBootMasterSlaveRuleConfigurationProperties] is not eligible for getting processed by all BeanPostProcessors (for example: not eligible for auto-proxying)
2021-10-08 19:47:41.051 INFO  [main] [] o.s.c.s.PostProcessorRegistrationDelegate$BeanPostProcessorChecker: Bean 'spring.shardingsphere.encrypt-org.apache.shardingsphere.shardingjdbc.spring.boot.encrypt.SpringBootEncryptRuleConfigurationProperties' of type [org.apache.shardingsphere.shardingjdbc.spring.boot.encrypt.SpringBootEncryptRuleConfigurationProperties] is not eligible for getting processed by all BeanPostProcessors (for example: not eligible for auto-proxying)
2021-10-08 19:47:41.053 INFO  [main] [] o.s.c.s.PostProcessorRegistrationDelegate$BeanPostProcessorChecker: Bean 'spring.shardingsphere.shadow-org.apache.shardingsphere.shardingjdbc.spring.boot.shadow.SpringBootShadowRuleConfigurationProperties' of type [org.apache.shardingsphere.shardingjdbc.spring.boot.shadow.SpringBootShadowRuleConfigurationProperties] is not eligible for getting processed by all BeanPostProcessors (for example: not eligible for auto-proxying)
2021-10-08 19:47:41.054 INFO  [main] [] o.s.c.s.PostProcessorRegistrationDelegate$BeanPostProcessorChecker: Bean 'spring.shardingsphere-org.apache.shardingsphere.shardingjdbc.spring.boot.common.SpringBootPropertiesConfigurationProperties' of type [org.apache.shardingsphere.shardingjdbc.spring.boot.common.SpringBootPropertiesConfigurationProperties] is not eligible for getting processed by all BeanPostProcessors (for example: not eligible for auto-proxying)
2021-10-08 19:47:41.255 INFO  [main] [] o.s.c.s.PostProcessorRegistrationDelegate$BeanPostProcessorChecker: Bean 'org.apache.shardingsphere.shardingjdbc.spring.boot.SpringBootConfiguration' of type [org.apache.shardingsphere.shardingjdbc.spring.boot.SpringBootConfiguration$$EnhancerBySpringCGLIB$$3845787e] is not eligible for getting processed by all BeanPostProcessors (for example: not eligible for auto-proxying)
2021-10-08 19:47:41.441 INFO  [main] [] o.s.c.s.PostProcessorRegistrationDelegate$BeanPostProcessorChecker: Bean 'spring.cloud.sentinel-org.springframework.cloud.alibaba.sentinel.SentinelProperties' of type [org.springframework.cloud.alibaba.sentinel.SentinelProperties] is not eligible for getting processed by all BeanPostProcessors (for example: not eligible for auto-proxying)
2021-10-08 19:47:41.445 INFO  [main] [] o.s.c.s.PostProcessorRegistrationDelegate$BeanPostProcessorChecker: Bean 'org.springframework.cloud.alibaba.sentinel.custom.SentinelAutoConfiguration' of type [org.springframework.cloud.alibaba.sentinel.custom.SentinelAutoConfiguration$$EnhancerBySpringCGLIB$$61bf5d48] is not eligible for getting processed by all BeanPostProcessors (for example: not eligible for auto-proxying)
2021-10-08 19:47:41.582 INFO  [main] [] o.s.boot.web.embedded.tomcat.TomcatWebServer: Tomcat initialized with port(s): 9090 (http)
2021-10-08 19:47:41.589 INFO  [main] [] org.apache.catalina.core.StandardService: Starting service [Tomcat]
2021-10-08 19:47:41.589 INFO  [main] [] org.apache.catalina.core.StandardEngine: Starting Servlet engine: [Apache Tomcat/9.0.52]
2021-10-08 19:47:41.647 INFO  [main] [] o.a.c.core.ContainerBase.[Tomcat].[localhost].[/]: Initializing Spring embedded WebApplicationContext
2021-10-08 19:47:41.647 INFO  [main] [] o.s.b.w.s.c.ServletWebServerApplicationContext: Root WebApplicationContext: initialization completed in 1423 ms
2021-10-08 19:47:41.711 INFO  [main] [] o.s.c.a.sentinel.SentinelWebAutoConfiguration: [Sentinel Starter] register Sentinel with urlPatterns: [/*].
2021-10-08 19:47:41.818 WARN  [main] [] i.n.resolver.dns.DnsServerAddressStreamProviders: Can not find io.netty.resolver.dns.macos.MacOSDnsServerAddressStreamProvider in the classpath, fallback to system defaults. This may result in incorrect DNS resolutions on MacOS.
2021-10-08 19:47:42.153 INFO  [main] [] com.alibaba.druid.pool.DruidDataSource: {dataSource-1} inited
2021-10-08 19:47:42.301 INFO  [main] [] com.alibaba.druid.pool.DruidDataSource: {dataSource-2} inited
2021-10-08 19:47:42.359 INFO  [main] [] o.a.shardingsphere.core.log.ConfigurationLogger: ShardingRuleConfiguration:
bindingTables:
- t_order
- t_order_item
broadcastTables:
- t_config
defaultDataSourceName: db-0
tables:
  t_order:
    actualDataNodes: db-$->{0..1}.t_order_$->{0..2}
    databaseStrategy:
      inline:
        algorithmExpression: db-$->{order_id % 2}
        shardingColumn: order_id
    keyGenerator:
      column: order_id
      type: SNOWFLAKE
    logicTable: t_order
    tableStrategy:
      inline:
        algorithmExpression: t_order_$->{order_id % 3}
        shardingColumn: order_id

2021-10-08 19:47:42.359 INFO  [main] [] o.a.shardingsphere.core.log.ConfigurationLogger: Properties:
sql.show: 'true'

2021-10-08 19:47:42.362 INFO  [main] [] ShardingSphere-metadata: Loading 1 logic tables' meta data.
2021-10-08 19:47:42.383 INFO  [main] [] ShardingSphere-metadata: Loading 7 tables' meta data.
2021-10-08 19:47:42.404 INFO  [main] [] ShardingSphere-metadata: Meta data load finished, cost 45 milliseconds.
2021-10-08 19:47:42.513 WARN  [main] [] c.b.mybatisplus.core.metadata.TableInfoHelper: Can not find table primary key in Class: "com.whw.footstones.entity.TOrder0Entity".
2021-10-08 19:47:42.605 WARN  [main] [] o.s.b.w.s.c.AnnotationConfigServletWebServerApplicationContext: Exception encountered during context initialization - cancelling refresh attempt: org.springframework.beans.factory.UnsatisfiedDependencyException: Error creating bean with name 'redisLockUtil': Unsatisfied dependency expressed through field 'redissonClient'; nested exception is org.springframework.beans.factory.NoSuchBeanDefinitionException: No qualifying bean of type 'org.redisson.api.RedissonClient' available: expected at least 1 bean which qualifies as autowire candidate. Dependency annotations: {@org.springframework.beans.factory.annotation.Autowired(required=true)}
2021-10-08 19:47:42.608 INFO  [main] [] com.alibaba.druid.pool.DruidDataSource: {dataSource-1} closed
2021-10-08 19:47:42.608 INFO  [main] [] com.alibaba.druid.pool.DruidDataSource: {dataSource-2} closed
2021-10-08 19:47:42.622 INFO  [main] [] org.apache.catalina.core.StandardService: Stopping service [Tomcat]
2021-10-08 19:47:42.635 INFO  [main] [] o.s.b.a.l.ConditionEvaluationReportLoggingListener: 

Error starting ApplicationContext. To display the conditions report re-run your application with 'debug' enabled.
2021-10-08 19:48:10.151 INFO  [main] [] com.whw.footstones.BasicApplication: Starting BasicApplication using Java 1.8.0_171 on 172-15-16-63.lightspeed.brhmal.sbcglobal.net with PID 5425 (/Users/chenlinya/github/footstones/web/target/classes started by chenlinya in /Users/chenlinya/github/footstones)
2021-10-08 19:48:10.153 INFO  [main] [] com.whw.footstones.BasicApplication: The following profiles are active: mysql,sharding,redis
2021-10-08 19:48:11.000 INFO  [main] [] o.s.d.r.config.RepositoryConfigurationDelegate: Multiple Spring Data modules found, entering strict repository configuration mode!
2021-10-08 19:48:11.002 INFO  [main] [] o.s.d.r.config.RepositoryConfigurationDelegate: Bootstrapping Spring Data Redis repositories in DEFAULT mode.
2021-10-08 19:48:11.025 INFO  [main] [] o.s.d.r.config.RepositoryConfigurationDelegate: Finished Spring Data repository scanning in 12 ms. Found 0 Redis repository interfaces.
2021-10-08 19:48:11.227 INFO  [main] [] o.s.c.s.PostProcessorRegistrationDelegate$BeanPostProcessorChecker: Bean 'stringToNoneShardingStrategyConfigurationConverter' of type [org.apache.shardingsphere.spring.boot.converter.StringToNoneShardingStrategyConfigurationConverter] is not eligible for getting processed by all BeanPostProcessors (for example: not eligible for auto-proxying)
2021-10-08 19:48:11.240 INFO  [main] [] o.s.c.s.PostProcessorRegistrationDelegate$BeanPostProcessorChecker: Bean 'spring.shardingsphere.sharding-org.apache.shardingsphere.shardingjdbc.spring.boot.sharding.SpringBootShardingRuleConfigurationProperties' of type [org.apache.shardingsphere.shardingjdbc.spring.boot.sharding.SpringBootShardingRuleConfigurationProperties] is not eligible for getting processed by all BeanPostProcessors (for example: not eligible for auto-proxying)
2021-10-08 19:48:11.242 INFO  [main] [] o.s.c.s.PostProcessorRegistrationDelegate$BeanPostProcessorChecker: Bean 'spring.shardingsphere.masterslave-org.apache.shardingsphere.shardingjdbc.spring.boot.masterslave.SpringBootMasterSlaveRuleConfigurationProperties' of type [org.apache.shardingsphere.shardingjdbc.spring.boot.masterslave.SpringBootMasterSlaveRuleConfigurationProperties] is not eligible for getting processed by all BeanPostProcessors (for example: not eligible for auto-proxying)
2021-10-08 19:48:11.244 INFO  [main] [] o.s.c.s.PostProcessorRegistrationDelegate$BeanPostProcessorChecker: Bean 'spring.shardingsphere.encrypt-org.apache.shardingsphere.shardingjdbc.spring.boot.encrypt.SpringBootEncryptRuleConfigurationProperties' of type [org.apache.shardingsphere.shardingjdbc.spring.boot.encrypt.SpringBootEncryptRuleConfigurationProperties] is not eligible for getting processed by all BeanPostProcessors (for example: not eligible for auto-proxying)
2021-10-08 19:48:11.246 INFO  [main] [] o.s.c.s.PostProcessorRegistrationDelegate$BeanPostProcessorChecker: Bean 'spring.shardingsphere.shadow-org.apache.shardingsphere.shardingjdbc.spring.boot.shadow.SpringBootShadowRuleConfigurationProperties' of type [org.apache.shardingsphere.shardingjdbc.spring.boot.shadow.SpringBootShadowRuleConfigurationProperties] is not eligible for getting processed by all BeanPostProcessors (for example: not eligible for auto-proxying)
2021-10-08 19:48:11.247 INFO  [main] [] o.s.c.s.PostProcessorRegistrationDelegate$BeanPostProcessorChecker: Bean 'spring.shardingsphere-org.apache.shardingsphere.shardingjdbc.spring.boot.common.SpringBootPropertiesConfigurationProperties' of type [org.apache.shardingsphere.shardingjdbc.spring.boot.common.SpringBootPropertiesConfigurationProperties] is not eligible for getting processed by all BeanPostProcessors (for example: not eligible for auto-proxying)
2021-10-08 19:48:11.441 INFO  [main] [] o.s.c.s.PostProcessorRegistrationDelegate$BeanPostProcessorChecker: Bean 'org.apache.shardingsphere.shardingjdbc.spring.boot.SpringBootConfiguration' of type [org.apache.shardingsphere.shardingjdbc.spring.boot.SpringBootConfiguration$$EnhancerBySpringCGLIB$$9570bdc8] is not eligible for getting processed by all BeanPostProcessors (for example: not eligible for auto-proxying)
2021-10-08 19:48:11.629 INFO  [main] [] o.s.c.s.PostProcessorRegistrationDelegate$BeanPostProcessorChecker: Bean 'spring.cloud.sentinel-org.springframework.cloud.alibaba.sentinel.SentinelProperties' of type [org.springframework.cloud.alibaba.sentinel.SentinelProperties] is not eligible for getting processed by all BeanPostProcessors (for example: not eligible for auto-proxying)
2021-10-08 19:48:11.633 INFO  [main] [] o.s.c.s.PostProcessorRegistrationDelegate$BeanPostProcessorChecker: Bean 'org.springframework.cloud.alibaba.sentinel.custom.SentinelAutoConfiguration' of type [org.springframework.cloud.alibaba.sentinel.custom.SentinelAutoConfiguration$$EnhancerBySpringCGLIB$$beeaa292] is not eligible for getting processed by all BeanPostProcessors (for example: not eligible for auto-proxying)
2021-10-08 19:48:11.779 INFO  [main] [] o.s.boot.web.embedded.tomcat.TomcatWebServer: Tomcat initialized with port(s): 9090 (http)
2021-10-08 19:48:11.785 INFO  [main] [] org.apache.catalina.core.StandardService: Starting service [Tomcat]
2021-10-08 19:48:11.785 INFO  [main] [] org.apache.catalina.core.StandardEngine: Starting Servlet engine: [Apache Tomcat/9.0.52]
2021-10-08 19:48:11.841 INFO  [main] [] o.a.c.core.ContainerBase.[Tomcat].[localhost].[/]: Initializing Spring embedded WebApplicationContext
2021-10-08 19:48:11.841 INFO  [main] [] o.s.b.w.s.c.ServletWebServerApplicationContext: Root WebApplicationContext: initialization completed in 1512 ms
2021-10-08 19:48:11.898 INFO  [main] [] o.s.c.a.sentinel.SentinelWebAutoConfiguration: [Sentinel Starter] register Sentinel with urlPatterns: [/*].
2021-10-08 19:48:11.998 WARN  [main] [] i.n.resolver.dns.DnsServerAddressStreamProviders: Can not find io.netty.resolver.dns.macos.MacOSDnsServerAddressStreamProvider in the classpath, fallback to system defaults. This may result in incorrect DNS resolutions on MacOS.
2021-10-08 19:48:12.295 INFO  [main] [] com.alibaba.druid.pool.DruidDataSource: {dataSource-1} inited
2021-10-08 19:48:12.434 INFO  [main] [] com.alibaba.druid.pool.DruidDataSource: {dataSource-2} inited
2021-10-08 19:48:12.494 INFO  [main] [] o.a.shardingsphere.core.log.ConfigurationLogger: ShardingRuleConfiguration:
bindingTables:
- t_order
- t_order_item
broadcastTables:
- t_config
defaultDataSourceName: db-0
tables:
  t_order:
    actualDataNodes: db-$->{0..1}.t_order_$->{0..2}
    databaseStrategy:
      inline:
        algorithmExpression: db-$->{order_id % 2}
        shardingColumn: order_id
    keyGenerator:
      column: order_id
      type: SNOWFLAKE
    logicTable: t_order
    tableStrategy:
      inline:
        algorithmExpression: t_order_$->{order_id % 3}
        shardingColumn: order_id

2021-10-08 19:48:12.495 INFO  [main] [] o.a.shardingsphere.core.log.ConfigurationLogger: Properties:
sql.show: 'true'

2021-10-08 19:48:12.497 INFO  [main] [] ShardingSphere-metadata: Loading 1 logic tables' meta data.
2021-10-08 19:48:12.515 INFO  [main] [] ShardingSphere-metadata: Loading 7 tables' meta data.
2021-10-08 19:48:12.539 INFO  [main] [] ShardingSphere-metadata: Meta data load finished, cost 44 milliseconds.
2021-10-08 19:48:12.658 WARN  [main] [] c.b.mybatisplus.core.metadata.TableInfoHelper: Can not find table primary key in Class: "com.whw.footstones.entity.TOrder0Entity".
2021-10-08 19:48:12.753 WARN  [main] [] o.s.b.w.s.c.AnnotationConfigServletWebServerApplicationContext: Exception encountered during context initialization - cancelling refresh attempt: org.springframework.beans.factory.UnsatisfiedDependencyException: Error creating bean with name 'redisLockUtil': Unsatisfied dependency expressed through field 'redissonClient'; nested exception is org.springframework.beans.factory.NoSuchBeanDefinitionException: No qualifying bean of type 'org.redisson.api.RedissonClient' available: expected at least 1 bean which qualifies as autowire candidate. Dependency annotations: {@org.springframework.beans.factory.annotation.Autowired(required=true)}
2021-10-08 19:48:12.756 INFO  [main] [] com.alibaba.druid.pool.DruidDataSource: {dataSource-1} closed
2021-10-08 19:48:12.756 INFO  [main] [] com.alibaba.druid.pool.DruidDataSource: {dataSource-2} closed
2021-10-08 19:48:12.772 INFO  [main] [] org.apache.catalina.core.StandardService: Stopping service [Tomcat]
2021-10-08 19:48:12.786 INFO  [main] [] o.s.b.a.l.ConditionEvaluationReportLoggingListener: 

Error starting ApplicationContext. To display the conditions report re-run your application with 'debug' enabled.
2021-10-08 19:49:26.033 INFO  [main] [] com.whw.footstones.BasicApplication: Starting BasicApplication using Java 1.8.0_171 on 172-15-16-63.lightspeed.brhmal.sbcglobal.net with PID 5442 (/Users/chenlinya/github/footstones/web/target/classes started by chenlinya in /Users/chenlinya/github/footstones)
2021-10-08 19:49:26.036 INFO  [main] [] com.whw.footstones.BasicApplication: The following profiles are active: mysql,sharding,redis
2021-10-08 19:49:26.870 INFO  [main] [] o.s.d.r.config.RepositoryConfigurationDelegate: Multiple Spring Data modules found, entering strict repository configuration mode!
2021-10-08 19:49:26.871 INFO  [main] [] o.s.d.r.config.RepositoryConfigurationDelegate: Bootstrapping Spring Data Redis repositories in DEFAULT mode.
2021-10-08 19:49:26.892 INFO  [main] [] o.s.d.r.config.RepositoryConfigurationDelegate: Finished Spring Data repository scanning in 11 ms. Found 0 Redis repository interfaces.
2021-10-08 19:49:27.071 INFO  [main] [] o.s.c.s.PostProcessorRegistrationDelegate$BeanPostProcessorChecker: Bean 'stringToNoneShardingStrategyConfigurationConverter' of type [org.apache.shardingsphere.spring.boot.converter.StringToNoneShardingStrategyConfigurationConverter] is not eligible for getting processed by all BeanPostProcessors (for example: not eligible for auto-proxying)
2021-10-08 19:49:27.081 INFO  [main] [] o.s.c.s.PostProcessorRegistrationDelegate$BeanPostProcessorChecker: Bean 'spring.shardingsphere.sharding-org.apache.shardingsphere.shardingjdbc.spring.boot.sharding.SpringBootShardingRuleConfigurationProperties' of type [org.apache.shardingsphere.shardingjdbc.spring.boot.sharding.SpringBootShardingRuleConfigurationProperties] is not eligible for getting processed by all BeanPostProcessors (for example: not eligible for auto-proxying)
2021-10-08 19:49:27.083 INFO  [main] [] o.s.c.s.PostProcessorRegistrationDelegate$BeanPostProcessorChecker: Bean 'spring.shardingsphere.masterslave-org.apache.shardingsphere.shardingjdbc.spring.boot.masterslave.SpringBootMasterSlaveRuleConfigurationProperties' of type [org.apache.shardingsphere.shardingjdbc.spring.boot.masterslave.SpringBootMasterSlaveRuleConfigurationProperties] is not eligible for getting processed by all BeanPostProcessors (for example: not eligible for auto-proxying)
2021-10-08 19:49:27.085 INFO  [main] [] o.s.c.s.PostProcessorRegistrationDelegate$BeanPostProcessorChecker: Bean 'spring.shardingsphere.encrypt-org.apache.shardingsphere.shardingjdbc.spring.boot.encrypt.SpringBootEncryptRuleConfigurationProperties' of type [org.apache.shardingsphere.shardingjdbc.spring.boot.encrypt.SpringBootEncryptRuleConfigurationProperties] is not eligible for getting processed by all BeanPostProcessors (for example: not eligible for auto-proxying)
2021-10-08 19:49:27.086 INFO  [main] [] o.s.c.s.PostProcessorRegistrationDelegate$BeanPostProcessorChecker: Bean 'spring.shardingsphere.shadow-org.apache.shardingsphere.shardingjdbc.spring.boot.shadow.SpringBootShadowRuleConfigurationProperties' of type [org.apache.shardingsphere.shardingjdbc.spring.boot.shadow.SpringBootShadowRuleConfigurationProperties] is not eligible for getting processed by all BeanPostProcessors (for example: not eligible for auto-proxying)
2021-10-08 19:49:27.087 INFO  [main] [] o.s.c.s.PostProcessorRegistrationDelegate$BeanPostProcessorChecker: Bean 'spring.shardingsphere-org.apache.shardingsphere.shardingjdbc.spring.boot.common.SpringBootPropertiesConfigurationProperties' of type [org.apache.shardingsphere.shardingjdbc.spring.boot.common.SpringBootPropertiesConfigurationProperties] is not eligible for getting processed by all BeanPostProcessors (for example: not eligible for auto-proxying)
2021-10-08 19:49:27.278 INFO  [main] [] o.s.c.s.PostProcessorRegistrationDelegate$BeanPostProcessorChecker: Bean 'org.apache.shardingsphere.shardingjdbc.spring.boot.SpringBootConfiguration' of type [org.apache.shardingsphere.shardingjdbc.spring.boot.SpringBootConfiguration$$EnhancerBySpringCGLIB$$9570bdc8] is not eligible for getting processed by all BeanPostProcessors (for example: not eligible for auto-proxying)
2021-10-08 19:49:27.445 INFO  [main] [] o.s.c.s.PostProcessorRegistrationDelegate$BeanPostProcessorChecker: Bean 'spring.cloud.sentinel-org.springframework.cloud.alibaba.sentinel.SentinelProperties' of type [org.springframework.cloud.alibaba.sentinel.SentinelProperties] is not eligible for getting processed by all BeanPostProcessors (for example: not eligible for auto-proxying)
2021-10-08 19:49:27.449 INFO  [main] [] o.s.c.s.PostProcessorRegistrationDelegate$BeanPostProcessorChecker: Bean 'org.springframework.cloud.alibaba.sentinel.custom.SentinelAutoConfiguration' of type [org.springframework.cloud.alibaba.sentinel.custom.SentinelAutoConfiguration$$EnhancerBySpringCGLIB$$beeaa292] is not eligible for getting processed by all BeanPostProcessors (for example: not eligible for auto-proxying)
2021-10-08 19:49:27.581 INFO  [main] [] o.s.boot.web.embedded.tomcat.TomcatWebServer: Tomcat initialized with port(s): 9090 (http)
2021-10-08 19:49:27.587 INFO  [main] [] org.apache.catalina.core.StandardService: Starting service [Tomcat]
2021-10-08 19:49:27.587 INFO  [main] [] org.apache.catalina.core.StandardEngine: Starting Servlet engine: [Apache Tomcat/9.0.52]
2021-10-08 19:49:27.648 INFO  [main] [] o.a.c.core.ContainerBase.[Tomcat].[localhost].[/]: Initializing Spring embedded WebApplicationContext
2021-10-08 19:49:27.648 INFO  [main] [] o.s.b.w.s.c.ServletWebServerApplicationContext: Root WebApplicationContext: initialization completed in 1417 ms
2021-10-08 19:49:27.720 INFO  [main] [] o.s.c.a.sentinel.SentinelWebAutoConfiguration: [Sentinel Starter] register Sentinel with urlPatterns: [/*].
2021-10-08 19:49:27.825 WARN  [main] [] i.n.resolver.dns.DnsServerAddressStreamProviders: Can not find io.netty.resolver.dns.macos.MacOSDnsServerAddressStreamProvider in the classpath, fallback to system defaults. This may result in incorrect DNS resolutions on MacOS.
2021-10-08 19:49:28.115 INFO  [main] [] com.alibaba.druid.pool.DruidDataSource: {dataSource-1} inited
2021-10-08 19:49:28.260 INFO  [main] [] com.alibaba.druid.pool.DruidDataSource: {dataSource-2} inited
2021-10-08 19:49:28.318 INFO  [main] [] o.a.shardingsphere.core.log.ConfigurationLogger: ShardingRuleConfiguration:
bindingTables:
- t_order
- t_order_item
broadcastTables:
- t_config
defaultDataSourceName: db-0
tables:
  t_order:
    actualDataNodes: db-$->{0..1}.t_order_$->{0..2}
    databaseStrategy:
      inline:
        algorithmExpression: db-$->{order_id % 2}
        shardingColumn: order_id
    keyGenerator:
      column: order_id
      type: SNOWFLAKE
    logicTable: t_order
    tableStrategy:
      inline:
        algorithmExpression: t_order_$->{order_id % 3}
        shardingColumn: order_id

2021-10-08 19:49:28.318 INFO  [main] [] o.a.shardingsphere.core.log.ConfigurationLogger: Properties:
sql.show: 'true'

2021-10-08 19:49:28.322 INFO  [main] [] ShardingSphere-metadata: Loading 1 logic tables' meta data.
2021-10-08 19:49:28.339 INFO  [main] [] ShardingSphere-metadata: Loading 7 tables' meta data.
2021-10-08 19:49:28.362 INFO  [main] [] ShardingSphere-metadata: Meta data load finished, cost 44 milliseconds.
2021-10-08 19:49:28.478 WARN  [main] [] c.b.mybatisplus.core.metadata.TableInfoHelper: Can not find table primary key in Class: "com.whw.footstones.entity.TOrder0Entity".
2021-10-08 19:49:28.565 WARN  [main] [] o.s.b.w.s.c.AnnotationConfigServletWebServerApplicationContext: Exception encountered during context initialization - cancelling refresh attempt: org.springframework.beans.factory.UnsatisfiedDependencyException: Error creating bean with name 'redisLockUtil': Unsatisfied dependency expressed through field 'redissonClient'; nested exception is org.springframework.beans.factory.NoSuchBeanDefinitionException: No qualifying bean of type 'org.redisson.api.RedissonClient' available: expected at least 1 bean which qualifies as autowire candidate. Dependency annotations: {@org.springframework.beans.factory.annotation.Autowired(required=true)}
2021-10-08 19:49:28.568 INFO  [main] [] com.alibaba.druid.pool.DruidDataSource: {dataSource-1} closed
2021-10-08 19:49:28.568 INFO  [main] [] com.alibaba.druid.pool.DruidDataSource: {dataSource-2} closed
2021-10-08 19:49:28.581 INFO  [main] [] org.apache.catalina.core.StandardService: Stopping service [Tomcat]
2021-10-08 19:49:28.594 INFO  [main] [] o.s.b.a.l.ConditionEvaluationReportLoggingListener: 

Error starting ApplicationContext. To display the conditions report re-run your application with 'debug' enabled.
2021-10-08 19:49:56.813 INFO  [main] [] com.whw.footstones.BasicApplication: Starting BasicApplication using Java 1.8.0_171 on 172-15-16-63.lightspeed.brhmal.sbcglobal.net with PID 5450 (/Users/chenlinya/github/footstones/web/target/classes started by chenlinya in /Users/chenlinya/github/footstones)
2021-10-08 19:49:56.814 INFO  [main] [] com.whw.footstones.BasicApplication: The following profiles are active: mysql,sharding
2021-10-08 19:49:57.690 INFO  [main] [] o.s.d.r.config.RepositoryConfigurationDelegate: Multiple Spring Data modules found, entering strict repository configuration mode!
2021-10-08 19:49:57.693 INFO  [main] [] o.s.d.r.config.RepositoryConfigurationDelegate: Bootstrapping Spring Data Redis repositories in DEFAULT mode.
2021-10-08 19:49:57.720 INFO  [main] [] o.s.d.r.config.RepositoryConfigurationDelegate: Finished Spring Data repository scanning in 14 ms. Found 0 Redis repository interfaces.
2021-10-08 19:49:57.917 INFO  [main] [] o.s.c.s.PostProcessorRegistrationDelegate$BeanPostProcessorChecker: Bean 'stringToNoneShardingStrategyConfigurationConverter' of type [org.apache.shardingsphere.spring.boot.converter.StringToNoneShardingStrategyConfigurationConverter] is not eligible for getting processed by all BeanPostProcessors (for example: not eligible for auto-proxying)
2021-10-08 19:49:57.929 INFO  [main] [] o.s.c.s.PostProcessorRegistrationDelegate$BeanPostProcessorChecker: Bean 'spring.shardingsphere.sharding-org.apache.shardingsphere.shardingjdbc.spring.boot.sharding.SpringBootShardingRuleConfigurationProperties' of type [org.apache.shardingsphere.shardingjdbc.spring.boot.sharding.SpringBootShardingRuleConfigurationProperties] is not eligible for getting processed by all BeanPostProcessors (for example: not eligible for auto-proxying)
2021-10-08 19:49:57.930 INFO  [main] [] o.s.c.s.PostProcessorRegistrationDelegate$BeanPostProcessorChecker: Bean 'spring.shardingsphere.masterslave-org.apache.shardingsphere.shardingjdbc.spring.boot.masterslave.SpringBootMasterSlaveRuleConfigurationProperties' of type [org.apache.shardingsphere.shardingjdbc.spring.boot.masterslave.SpringBootMasterSlaveRuleConfigurationProperties] is not eligible for getting processed by all BeanPostProcessors (for example: not eligible for auto-proxying)
2021-10-08 19:49:57.932 INFO  [main] [] o.s.c.s.PostProcessorRegistrationDelegate$BeanPostProcessorChecker: Bean 'spring.shardingsphere.encrypt-org.apache.shardingsphere.shardingjdbc.spring.boot.encrypt.SpringBootEncryptRuleConfigurationProperties' of type [org.apache.shardingsphere.shardingjdbc.spring.boot.encrypt.SpringBootEncryptRuleConfigurationProperties] is not eligible for getting processed by all BeanPostProcessors (for example: not eligible for auto-proxying)
2021-10-08 19:49:57.934 INFO  [main] [] o.s.c.s.PostProcessorRegistrationDelegate$BeanPostProcessorChecker: Bean 'spring.shardingsphere.shadow-org.apache.shardingsphere.shardingjdbc.spring.boot.shadow.SpringBootShadowRuleConfigurationProperties' of type [org.apache.shardingsphere.shardingjdbc.spring.boot.shadow.SpringBootShadowRuleConfigurationProperties] is not eligible for getting processed by all BeanPostProcessors (for example: not eligible for auto-proxying)
2021-10-08 19:49:57.936 INFO  [main] [] o.s.c.s.PostProcessorRegistrationDelegate$BeanPostProcessorChecker: Bean 'spring.shardingsphere-org.apache.shardingsphere.shardingjdbc.spring.boot.common.SpringBootPropertiesConfigurationProperties' of type [org.apache.shardingsphere.shardingjdbc.spring.boot.common.SpringBootPropertiesConfigurationProperties] is not eligible for getting processed by all BeanPostProcessors (for example: not eligible for auto-proxying)
2021-10-08 19:49:58.118 INFO  [main] [] o.s.c.s.PostProcessorRegistrationDelegate$BeanPostProcessorChecker: Bean 'org.apache.shardingsphere.shardingjdbc.spring.boot.SpringBootConfiguration' of type [org.apache.shardingsphere.shardingjdbc.spring.boot.SpringBootConfiguration$$EnhancerBySpringCGLIB$$88da45ca] is not eligible for getting processed by all BeanPostProcessors (for example: not eligible for auto-proxying)
2021-10-08 19:49:58.289 INFO  [main] [] o.s.c.s.PostProcessorRegistrationDelegate$BeanPostProcessorChecker: Bean 'spring.cloud.sentinel-org.springframework.cloud.alibaba.sentinel.SentinelProperties' of type [org.springframework.cloud.alibaba.sentinel.SentinelProperties] is not eligible for getting processed by all BeanPostProcessors (for example: not eligible for auto-proxying)
2021-10-08 19:49:58.293 INFO  [main] [] o.s.c.s.PostProcessorRegistrationDelegate$BeanPostProcessorChecker: Bean 'org.springframework.cloud.alibaba.sentinel.custom.SentinelAutoConfiguration' of type [org.springframework.cloud.alibaba.sentinel.custom.SentinelAutoConfiguration$$EnhancerBySpringCGLIB$$b2542a94] is not eligible for getting processed by all BeanPostProcessors (for example: not eligible for auto-proxying)
2021-10-08 19:49:58.436 INFO  [main] [] o.s.boot.web.embedded.tomcat.TomcatWebServer: Tomcat initialized with port(s): 9090 (http)
2021-10-08 19:49:58.442 INFO  [main] [] org.apache.catalina.core.StandardService: Starting service [Tomcat]
2021-10-08 19:49:58.442 INFO  [main] [] org.apache.catalina.core.StandardEngine: Starting Servlet engine: [Apache Tomcat/9.0.52]
2021-10-08 19:49:58.498 INFO  [main] [] o.a.c.core.ContainerBase.[Tomcat].[localhost].[/]: Initializing Spring embedded WebApplicationContext
2021-10-08 19:49:58.498 INFO  [main] [] o.s.b.w.s.c.ServletWebServerApplicationContext: Root WebApplicationContext: initialization completed in 1511 ms
2021-10-08 19:49:58.555 INFO  [main] [] o.s.c.a.sentinel.SentinelWebAutoConfiguration: [Sentinel Starter] register Sentinel with urlPatterns: [/*].
2021-10-08 19:49:58.661 WARN  [main] [] i.n.resolver.dns.DnsServerAddressStreamProviders: Can not find io.netty.resolver.dns.macos.MacOSDnsServerAddressStreamProvider in the classpath, fallback to system defaults. This may result in incorrect DNS resolutions on MacOS.
2021-10-08 19:49:58.951 INFO  [main] [] com.alibaba.druid.pool.DruidDataSource: {dataSource-1} inited
2021-10-08 19:49:59.085 INFO  [main] [] com.alibaba.druid.pool.DruidDataSource: {dataSource-2} inited
2021-10-08 19:49:59.137 INFO  [main] [] o.a.shardingsphere.core.log.ConfigurationLogger: ShardingRuleConfiguration:
bindingTables:
- t_order
- t_order_item
broadcastTables:
- t_config
defaultDataSourceName: db-0
tables:
  t_order:
    actualDataNodes: db-$->{0..1}.t_order_$->{0..2}
    databaseStrategy:
      inline:
        algorithmExpression: db-$->{order_id % 2}
        shardingColumn: order_id
    keyGenerator:
      column: order_id
      type: SNOWFLAKE
    logicTable: t_order
    tableStrategy:
      inline:
        algorithmExpression: t_order_$->{order_id % 3}
        shardingColumn: order_id

2021-10-08 19:49:59.138 INFO  [main] [] o.a.shardingsphere.core.log.ConfigurationLogger: Properties:
sql.show: 'true'

2021-10-08 19:49:59.141 INFO  [main] [] ShardingSphere-metadata: Loading 1 logic tables' meta data.
2021-10-08 19:49:59.156 INFO  [main] [] ShardingSphere-metadata: Loading 7 tables' meta data.
2021-10-08 19:49:59.179 INFO  [main] [] ShardingSphere-metadata: Meta data load finished, cost 41 milliseconds.
2021-10-08 19:49:59.291 WARN  [main] [] c.b.mybatisplus.core.metadata.TableInfoHelper: Can not find table primary key in Class: "com.whw.footstones.entity.TOrder0Entity".
2021-10-08 19:49:59.375 WARN  [main] [] o.s.b.w.s.c.AnnotationConfigServletWebServerApplicationContext: Exception encountered during context initialization - cancelling refresh attempt: org.springframework.beans.factory.UnsatisfiedDependencyException: Error creating bean with name 'redisLockUtil': Unsatisfied dependency expressed through field 'redissonClient'; nested exception is org.springframework.beans.factory.NoSuchBeanDefinitionException: No qualifying bean of type 'org.redisson.api.RedissonClient' available: expected at least 1 bean which qualifies as autowire candidate. Dependency annotations: {@org.springframework.beans.factory.annotation.Autowired(required=true)}
2021-10-08 19:49:59.378 INFO  [main] [] com.alibaba.druid.pool.DruidDataSource: {dataSource-1} closed
2021-10-08 19:49:59.378 INFO  [main] [] com.alibaba.druid.pool.DruidDataSource: {dataSource-2} closed
2021-10-08 19:49:59.391 INFO  [main] [] org.apache.catalina.core.StandardService: Stopping service [Tomcat]
2021-10-08 19:49:59.403 INFO  [main] [] o.s.b.a.l.ConditionEvaluationReportLoggingListener: 

Error starting ApplicationContext. To display the conditions report re-run your application with 'debug' enabled.
2021-10-08 20:08:07.623 INFO  [main] [] com.whw.footstones.BasicApplication: Starting BasicApplication using Java 1.8.0_171 on 172-15-16-63.lightspeed.brhmal.sbcglobal.net with PID 5522 (/Users/chenlinya/github/footstones/web/target/classes started by chenlinya in /Users/chenlinya/github/footstones)
2021-10-08 20:08:07.624 INFO  [main] [] com.whw.footstones.BasicApplication: The following profiles are active: mysql,sharding,redis
2021-10-08 20:08:08.413 INFO  [main] [] o.s.d.r.config.RepositoryConfigurationDelegate: Multiple Spring Data modules found, entering strict repository configuration mode!
2021-10-08 20:08:08.414 INFO  [main] [] o.s.d.r.config.RepositoryConfigurationDelegate: Bootstrapping Spring Data Redis repositories in DEFAULT mode.
2021-10-08 20:08:08.433 INFO  [main] [] o.s.d.r.config.RepositoryConfigurationDelegate: Finished Spring Data repository scanning in 10 ms. Found 0 Redis repository interfaces.
2021-10-08 20:08:08.615 INFO  [main] [] o.s.c.s.PostProcessorRegistrationDelegate$BeanPostProcessorChecker: Bean 'stringToNoneShardingStrategyConfigurationConverter' of type [org.apache.shardingsphere.spring.boot.converter.StringToNoneShardingStrategyConfigurationConverter] is not eligible for getting processed by all BeanPostProcessors (for example: not eligible for auto-proxying)
2021-10-08 20:08:08.627 INFO  [main] [] o.s.c.s.PostProcessorRegistrationDelegate$BeanPostProcessorChecker: Bean 'spring.shardingsphere.sharding-org.apache.shardingsphere.shardingjdbc.spring.boot.sharding.SpringBootShardingRuleConfigurationProperties' of type [org.apache.shardingsphere.shardingjdbc.spring.boot.sharding.SpringBootShardingRuleConfigurationProperties] is not eligible for getting processed by all BeanPostProcessors (for example: not eligible for auto-proxying)
2021-10-08 20:08:08.629 INFO  [main] [] o.s.c.s.PostProcessorRegistrationDelegate$BeanPostProcessorChecker: Bean 'spring.shardingsphere.masterslave-org.apache.shardingsphere.shardingjdbc.spring.boot.masterslave.SpringBootMasterSlaveRuleConfigurationProperties' of type [org.apache.shardingsphere.shardingjdbc.spring.boot.masterslave.SpringBootMasterSlaveRuleConfigurationProperties] is not eligible for getting processed by all BeanPostProcessors (for example: not eligible for auto-proxying)
2021-10-08 20:08:08.631 INFO  [main] [] o.s.c.s.PostProcessorRegistrationDelegate$BeanPostProcessorChecker: Bean 'spring.shardingsphere.encrypt-org.apache.shardingsphere.shardingjdbc.spring.boot.encrypt.SpringBootEncryptRuleConfigurationProperties' of type [org.apache.shardingsphere.shardingjdbc.spring.boot.encrypt.SpringBootEncryptRuleConfigurationProperties] is not eligible for getting processed by all BeanPostProcessors (for example: not eligible for auto-proxying)
2021-10-08 20:08:08.633 INFO  [main] [] o.s.c.s.PostProcessorRegistrationDelegate$BeanPostProcessorChecker: Bean 'spring.shardingsphere.shadow-org.apache.shardingsphere.shardingjdbc.spring.boot.shadow.SpringBootShadowRuleConfigurationProperties' of type [org.apache.shardingsphere.shardingjdbc.spring.boot.shadow.SpringBootShadowRuleConfigurationProperties] is not eligible for getting processed by all BeanPostProcessors (for example: not eligible for auto-proxying)
2021-10-08 20:08:08.635 INFO  [main] [] o.s.c.s.PostProcessorRegistrationDelegate$BeanPostProcessorChecker: Bean 'spring.shardingsphere-org.apache.shardingsphere.shardingjdbc.spring.boot.common.SpringBootPropertiesConfigurationProperties' of type [org.apache.shardingsphere.shardingjdbc.spring.boot.common.SpringBootPropertiesConfigurationProperties] is not eligible for getting processed by all BeanPostProcessors (for example: not eligible for auto-proxying)
2021-10-08 20:08:08.821 INFO  [main] [] o.s.c.s.PostProcessorRegistrationDelegate$BeanPostProcessorChecker: Bean 'org.apache.shardingsphere.shardingjdbc.spring.boot.SpringBootConfiguration' of type [org.apache.shardingsphere.shardingjdbc.spring.boot.SpringBootConfiguration$$EnhancerBySpringCGLIB$$9570bdc8] is not eligible for getting processed by all BeanPostProcessors (for example: not eligible for auto-proxying)
2021-10-08 20:08:08.986 INFO  [main] [] o.s.c.s.PostProcessorRegistrationDelegate$BeanPostProcessorChecker: Bean 'spring.cloud.sentinel-org.springframework.cloud.alibaba.sentinel.SentinelProperties' of type [org.springframework.cloud.alibaba.sentinel.SentinelProperties] is not eligible for getting processed by all BeanPostProcessors (for example: not eligible for auto-proxying)
2021-10-08 20:08:08.989 INFO  [main] [] o.s.c.s.PostProcessorRegistrationDelegate$BeanPostProcessorChecker: Bean 'org.springframework.cloud.alibaba.sentinel.custom.SentinelAutoConfiguration' of type [org.springframework.cloud.alibaba.sentinel.custom.SentinelAutoConfiguration$$EnhancerBySpringCGLIB$$beeaa292] is not eligible for getting processed by all BeanPostProcessors (for example: not eligible for auto-proxying)
2021-10-08 20:08:09.121 INFO  [main] [] o.s.boot.web.embedded.tomcat.TomcatWebServer: Tomcat initialized with port(s): 9090 (http)
2021-10-08 20:08:09.126 INFO  [main] [] org.apache.catalina.core.StandardService: Starting service [Tomcat]
2021-10-08 20:08:09.126 INFO  [main] [] org.apache.catalina.core.StandardEngine: Starting Servlet engine: [Apache Tomcat/9.0.52]
2021-10-08 20:08:09.187 INFO  [main] [] o.a.c.core.ContainerBase.[Tomcat].[localhost].[/]: Initializing Spring embedded WebApplicationContext
2021-10-08 20:08:09.188 INFO  [main] [] o.s.b.w.s.c.ServletWebServerApplicationContext: Root WebApplicationContext: initialization completed in 1402 ms
2021-10-08 20:08:09.252 INFO  [main] [] o.s.c.a.sentinel.SentinelWebAutoConfiguration: [Sentinel Starter] register Sentinel with urlPatterns: [/*].
2021-10-08 20:08:09.354 WARN  [main] [] i.n.resolver.dns.DnsServerAddressStreamProviders: Can not find io.netty.resolver.dns.macos.MacOSDnsServerAddressStreamProvider in the classpath, fallback to system defaults. This may result in incorrect DNS resolutions on MacOS.
2021-10-08 20:08:09.636 INFO  [main] [] com.alibaba.druid.pool.DruidDataSource: {dataSource-1} inited
2021-10-08 20:08:09.775 INFO  [main] [] com.alibaba.druid.pool.DruidDataSource: {dataSource-2} inited
2021-10-08 20:08:09.831 INFO  [main] [] o.a.shardingsphere.core.log.ConfigurationLogger: ShardingRuleConfiguration:
bindingTables:
- t_order
- t_order_item
broadcastTables:
- t_config
defaultDataSourceName: db-0
tables:
  t_order:
    actualDataNodes: db-$->{0..1}.t_order_$->{0..2}
    databaseStrategy:
      inline:
        algorithmExpression: db-$->{order_id % 2}
        shardingColumn: order_id
    keyGenerator:
      column: order_id
      type: SNOWFLAKE
    logicTable: t_order
    tableStrategy:
      inline:
        algorithmExpression: t_order_$->{order_id % 3}
        shardingColumn: order_id

2021-10-08 20:08:09.832 INFO  [main] [] o.a.shardingsphere.core.log.ConfigurationLogger: Properties:
sql.show: 'true'

2021-10-08 20:08:09.835 INFO  [main] [] ShardingSphere-metadata: Loading 1 logic tables' meta data.
2021-10-08 20:08:09.854 INFO  [main] [] ShardingSphere-metadata: Loading 7 tables' meta data.
2021-10-08 20:08:09.878 INFO  [main] [] ShardingSphere-metadata: Meta data load finished, cost 46 milliseconds.
2021-10-08 20:08:09.989 WARN  [main] [] c.b.mybatisplus.core.metadata.TableInfoHelper: Can not find table primary key in Class: "com.whw.footstones.entity.TOrder0Entity".
2021-10-08 20:08:10.073 WARN  [main] [] o.s.b.w.s.c.AnnotationConfigServletWebServerApplicationContext: Exception encountered during context initialization - cancelling refresh attempt: org.springframework.beans.factory.UnsatisfiedDependencyException: Error creating bean with name 'redisLockUtil': Unsatisfied dependency expressed through field 'redissonClient'; nested exception is org.springframework.beans.factory.NoSuchBeanDefinitionException: No qualifying bean of type 'org.redisson.api.RedissonClient' available: expected at least 1 bean which qualifies as autowire candidate. Dependency annotations: {@org.springframework.beans.factory.annotation.Autowired(required=true)}
2021-10-08 20:08:10.076 INFO  [main] [] com.alibaba.druid.pool.DruidDataSource: {dataSource-1} closed
2021-10-08 20:08:10.076 INFO  [main] [] com.alibaba.druid.pool.DruidDataSource: {dataSource-2} closed
2021-10-08 20:08:10.090 INFO  [main] [] org.apache.catalina.core.StandardService: Stopping service [Tomcat]
2021-10-08 20:08:10.103 INFO  [main] [] o.s.b.a.l.ConditionEvaluationReportLoggingListener: 

Error starting ApplicationContext. To display the conditions report re-run your application with 'debug' enabled.
2021-10-08 20:09:05.657 INFO  [main] [] com.whw.footstones.BasicApplication: Starting BasicApplication using Java 1.8.0_171 on 172-15-16-63.lightspeed.brhmal.sbcglobal.net with PID 5539 (/Users/chenlinya/github/footstones/web/target/classes started by chenlinya in /Users/chenlinya/github/footstones)
2021-10-08 20:09:05.659 INFO  [main] [] com.whw.footstones.BasicApplication: The following profiles are active: mysql,sharding,redis
2021-10-08 20:09:06.597 INFO  [main] [] o.s.d.r.config.RepositoryConfigurationDelegate: Multiple Spring Data modules found, entering strict repository configuration mode!
2021-10-08 20:09:06.599 INFO  [main] [] o.s.d.r.config.RepositoryConfigurationDelegate: Bootstrapping Spring Data Redis repositories in DEFAULT mode.
2021-10-08 20:09:06.622 INFO  [main] [] o.s.d.r.config.RepositoryConfigurationDelegate: Finished Spring Data repository scanning in 12 ms. Found 0 Redis repository interfaces.
2021-10-08 20:09:06.818 INFO  [main] [] o.s.c.s.PostProcessorRegistrationDelegate$BeanPostProcessorChecker: Bean 'stringToNoneShardingStrategyConfigurationConverter' of type [org.apache.shardingsphere.spring.boot.converter.StringToNoneShardingStrategyConfigurationConverter] is not eligible for getting processed by all BeanPostProcessors (for example: not eligible for auto-proxying)
2021-10-08 20:09:06.831 INFO  [main] [] o.s.c.s.PostProcessorRegistrationDelegate$BeanPostProcessorChecker: Bean 'spring.shardingsphere.sharding-org.apache.shardingsphere.shardingjdbc.spring.boot.sharding.SpringBootShardingRuleConfigurationProperties' of type [org.apache.shardingsphere.shardingjdbc.spring.boot.sharding.SpringBootShardingRuleConfigurationProperties] is not eligible for getting processed by all BeanPostProcessors (for example: not eligible for auto-proxying)
2021-10-08 20:09:06.832 INFO  [main] [] o.s.c.s.PostProcessorRegistrationDelegate$BeanPostProcessorChecker: Bean 'spring.shardingsphere.masterslave-org.apache.shardingsphere.shardingjdbc.spring.boot.masterslave.SpringBootMasterSlaveRuleConfigurationProperties' of type [org.apache.shardingsphere.shardingjdbc.spring.boot.masterslave.SpringBootMasterSlaveRuleConfigurationProperties] is not eligible for getting processed by all BeanPostProcessors (for example: not eligible for auto-proxying)
2021-10-08 20:09:06.834 INFO  [main] [] o.s.c.s.PostProcessorRegistrationDelegate$BeanPostProcessorChecker: Bean 'spring.shardingsphere.encrypt-org.apache.shardingsphere.shardingjdbc.spring.boot.encrypt.SpringBootEncryptRuleConfigurationProperties' of type [org.apache.shardingsphere.shardingjdbc.spring.boot.encrypt.SpringBootEncryptRuleConfigurationProperties] is not eligible for getting processed by all BeanPostProcessors (for example: not eligible for auto-proxying)
2021-10-08 20:09:06.836 INFO  [main] [] o.s.c.s.PostProcessorRegistrationDelegate$BeanPostProcessorChecker: Bean 'spring.shardingsphere.shadow-org.apache.shardingsphere.shardingjdbc.spring.boot.shadow.SpringBootShadowRuleConfigurationProperties' of type [org.apache.shardingsphere.shardingjdbc.spring.boot.shadow.SpringBootShadowRuleConfigurationProperties] is not eligible for getting processed by all BeanPostProcessors (for example: not eligible for auto-proxying)
2021-10-08 20:09:06.838 INFO  [main] [] o.s.c.s.PostProcessorRegistrationDelegate$BeanPostProcessorChecker: Bean 'spring.shardingsphere-org.apache.shardingsphere.shardingjdbc.spring.boot.common.SpringBootPropertiesConfigurationProperties' of type [org.apache.shardingsphere.shardingjdbc.spring.boot.common.SpringBootPropertiesConfigurationProperties] is not eligible for getting processed by all BeanPostProcessors (for example: not eligible for auto-proxying)
2021-10-08 20:09:07.021 INFO  [main] [] o.s.c.s.PostProcessorRegistrationDelegate$BeanPostProcessorChecker: Bean 'org.apache.shardingsphere.shardingjdbc.spring.boot.SpringBootConfiguration' of type [org.apache.shardingsphere.shardingjdbc.spring.boot.SpringBootConfiguration$$EnhancerBySpringCGLIB$$9570bdc8] is not eligible for getting processed by all BeanPostProcessors (for example: not eligible for auto-proxying)
2021-10-08 20:09:07.189 INFO  [main] [] o.s.c.s.PostProcessorRegistrationDelegate$BeanPostProcessorChecker: Bean 'spring.cloud.sentinel-org.springframework.cloud.alibaba.sentinel.SentinelProperties' of type [org.springframework.cloud.alibaba.sentinel.SentinelProperties] is not eligible for getting processed by all BeanPostProcessors (for example: not eligible for auto-proxying)
2021-10-08 20:09:07.193 INFO  [main] [] o.s.c.s.PostProcessorRegistrationDelegate$BeanPostProcessorChecker: Bean 'org.springframework.cloud.alibaba.sentinel.custom.SentinelAutoConfiguration' of type [org.springframework.cloud.alibaba.sentinel.custom.SentinelAutoConfiguration$$EnhancerBySpringCGLIB$$beeaa292] is not eligible for getting processed by all BeanPostProcessors (for example: not eligible for auto-proxying)
2021-10-08 20:09:07.329 INFO  [main] [] o.s.boot.web.embedded.tomcat.TomcatWebServer: Tomcat initialized with port(s): 9090 (http)
2021-10-08 20:09:07.334 INFO  [main] [] org.apache.catalina.core.StandardService: Starting service [Tomcat]
2021-10-08 20:09:07.335 INFO  [main] [] org.apache.catalina.core.StandardEngine: Starting Servlet engine: [Apache Tomcat/9.0.52]
2021-10-08 20:09:07.389 INFO  [main] [] o.a.c.core.ContainerBase.[Tomcat].[localhost].[/]: Initializing Spring embedded WebApplicationContext
2021-10-08 20:09:07.389 INFO  [main] [] o.s.b.w.s.c.ServletWebServerApplicationContext: Root WebApplicationContext: initialization completed in 1525 ms
2021-10-08 20:09:07.444 INFO  [main] [] o.s.c.a.sentinel.SentinelWebAutoConfiguration: [Sentinel Starter] register Sentinel with urlPatterns: [/*].
2021-10-08 20:09:07.554 WARN  [main] [] i.n.resolver.dns.DnsServerAddressStreamProviders: Can not find io.netty.resolver.dns.macos.MacOSDnsServerAddressStreamProvider in the classpath, fallback to system defaults. This may result in incorrect DNS resolutions on MacOS.
2021-10-08 20:09:07.835 INFO  [main] [] com.alibaba.druid.pool.DruidDataSource: {dataSource-1} inited
2021-10-08 20:09:07.969 INFO  [main] [] com.alibaba.druid.pool.DruidDataSource: {dataSource-2} inited
2021-10-08 20:09:08.024 INFO  [main] [] o.a.shardingsphere.core.log.ConfigurationLogger: ShardingRuleConfiguration:
bindingTables:
- t_order
- t_order_item
broadcastTables:
- t_config
defaultDataSourceName: db-0
tables:
  t_order:
    actualDataNodes: db-$->{0..1}.t_order_$->{0..2}
    databaseStrategy:
      inline:
        algorithmExpression: db-$->{order_id % 2}
        shardingColumn: order_id
    keyGenerator:
      column: order_id
      type: SNOWFLAKE
    logicTable: t_order
    tableStrategy:
      inline:
        algorithmExpression: t_order_$->{order_id % 3}
        shardingColumn: order_id

2021-10-08 20:09:08.025 INFO  [main] [] o.a.shardingsphere.core.log.ConfigurationLogger: Properties:
sql.show: 'true'

2021-10-08 20:09:08.028 INFO  [main] [] ShardingSphere-metadata: Loading 1 logic tables' meta data.
2021-10-08 20:09:08.045 INFO  [main] [] ShardingSphere-metadata: Loading 7 tables' meta data.
2021-10-08 20:09:08.068 INFO  [main] [] ShardingSphere-metadata: Meta data load finished, cost 43 milliseconds.
2021-10-08 20:09:08.180 WARN  [main] [] c.b.mybatisplus.core.metadata.TableInfoHelper: Can not find table primary key in Class: "com.whw.footstones.entity.TOrder0Entity".
2021-10-08 20:09:08.266 WARN  [main] [] o.s.b.w.s.c.AnnotationConfigServletWebServerApplicationContext: Exception encountered during context initialization - cancelling refresh attempt: org.springframework.beans.factory.UnsatisfiedDependencyException: Error creating bean with name 'redissLockUtil': Unsatisfied dependency expressed through field 'redissonClient'; nested exception is org.springframework.beans.factory.NoSuchBeanDefinitionException: No qualifying bean of type 'org.redisson.api.RedissonClient' available: expected at least 1 bean which qualifies as autowire candidate. Dependency annotations: {@org.springframework.beans.factory.annotation.Autowired(required=true)}
2021-10-08 20:09:08.269 INFO  [main] [] com.alibaba.druid.pool.DruidDataSource: {dataSource-1} closed
2021-10-08 20:09:08.270 INFO  [main] [] com.alibaba.druid.pool.DruidDataSource: {dataSource-2} closed
2021-10-08 20:09:08.283 INFO  [main] [] org.apache.catalina.core.StandardService: Stopping service [Tomcat]
2021-10-08 20:09:08.296 INFO  [main] [] o.s.b.a.l.ConditionEvaluationReportLoggingListener: 

Error starting ApplicationContext. To display the conditions report re-run your application with 'debug' enabled.
2021-10-08 20:10:17.151 INFO  [main] [] com.whw.footstones.BasicApplication: Starting BasicApplication using Java 1.8.0_171 on 172-15-16-63.lightspeed.brhmal.sbcglobal.net with PID 5570 (/Users/chenlinya/github/footstones/web/target/classes started by chenlinya in /Users/chenlinya/github/footstones)
2021-10-08 20:10:17.153 INFO  [main] [] com.whw.footstones.BasicApplication: The following profiles are active: mysql,sharding,redis
2021-10-08 20:10:17.883 INFO  [main] [] o.s.d.r.config.RepositoryConfigurationDelegate: Multiple Spring Data modules found, entering strict repository configuration mode!
2021-10-08 20:10:17.885 INFO  [main] [] o.s.d.r.config.RepositoryConfigurationDelegate: Bootstrapping Spring Data Redis repositories in DEFAULT mode.
2021-10-08 20:10:17.903 INFO  [main] [] o.s.d.r.config.RepositoryConfigurationDelegate: Finished Spring Data repository scanning in 10 ms. Found 0 Redis repository interfaces.
2021-10-08 20:10:18.085 INFO  [main] [] o.s.c.s.PostProcessorRegistrationDelegate$BeanPostProcessorChecker: Bean 'stringToNoneShardingStrategyConfigurationConverter' of type [org.apache.shardingsphere.spring.boot.converter.StringToNoneShardingStrategyConfigurationConverter] is not eligible for getting processed by all BeanPostProcessors (for example: not eligible for auto-proxying)
2021-10-08 20:10:18.095 INFO  [main] [] o.s.c.s.PostProcessorRegistrationDelegate$BeanPostProcessorChecker: Bean 'spring.shardingsphere.sharding-org.apache.shardingsphere.shardingjdbc.spring.boot.sharding.SpringBootShardingRuleConfigurationProperties' of type [org.apache.shardingsphere.shardingjdbc.spring.boot.sharding.SpringBootShardingRuleConfigurationProperties] is not eligible for getting processed by all BeanPostProcessors (for example: not eligible for auto-proxying)
2021-10-08 20:10:18.097 INFO  [main] [] o.s.c.s.PostProcessorRegistrationDelegate$BeanPostProcessorChecker: Bean 'spring.shardingsphere.masterslave-org.apache.shardingsphere.shardingjdbc.spring.boot.masterslave.SpringBootMasterSlaveRuleConfigurationProperties' of type [org.apache.shardingsphere.shardingjdbc.spring.boot.masterslave.SpringBootMasterSlaveRuleConfigurationProperties] is not eligible for getting processed by all BeanPostProcessors (for example: not eligible for auto-proxying)
2021-10-08 20:10:18.099 INFO  [main] [] o.s.c.s.PostProcessorRegistrationDelegate$BeanPostProcessorChecker: Bean 'spring.shardingsphere.encrypt-org.apache.shardingsphere.shardingjdbc.spring.boot.encrypt.SpringBootEncryptRuleConfigurationProperties' of type [org.apache.shardingsphere.shardingjdbc.spring.boot.encrypt.SpringBootEncryptRuleConfigurationProperties] is not eligible for getting processed by all BeanPostProcessors (for example: not eligible for auto-proxying)
2021-10-08 20:10:18.100 INFO  [main] [] o.s.c.s.PostProcessorRegistrationDelegate$BeanPostProcessorChecker: Bean 'spring.shardingsphere.shadow-org.apache.shardingsphere.shardingjdbc.spring.boot.shadow.SpringBootShadowRuleConfigurationProperties' of type [org.apache.shardingsphere.shardingjdbc.spring.boot.shadow.SpringBootShadowRuleConfigurationProperties] is not eligible for getting processed by all BeanPostProcessors (for example: not eligible for auto-proxying)
2021-10-08 20:10:18.101 INFO  [main] [] o.s.c.s.PostProcessorRegistrationDelegate$BeanPostProcessorChecker: Bean 'spring.shardingsphere-org.apache.shardingsphere.shardingjdbc.spring.boot.common.SpringBootPropertiesConfigurationProperties' of type [org.apache.shardingsphere.shardingjdbc.spring.boot.common.SpringBootPropertiesConfigurationProperties] is not eligible for getting processed by all BeanPostProcessors (for example: not eligible for auto-proxying)
2021-10-08 20:10:18.280 INFO  [main] [] o.s.c.s.PostProcessorRegistrationDelegate$BeanPostProcessorChecker: Bean 'org.apache.shardingsphere.shardingjdbc.spring.boot.SpringBootConfiguration' of type [org.apache.shardingsphere.shardingjdbc.spring.boot.SpringBootConfiguration$$EnhancerBySpringCGLIB$$3845787e] is not eligible for getting processed by all BeanPostProcessors (for example: not eligible for auto-proxying)
2021-10-08 20:10:18.447 INFO  [main] [] o.s.c.s.PostProcessorRegistrationDelegate$BeanPostProcessorChecker: Bean 'spring.cloud.sentinel-org.springframework.cloud.alibaba.sentinel.SentinelProperties' of type [org.springframework.cloud.alibaba.sentinel.SentinelProperties] is not eligible for getting processed by all BeanPostProcessors (for example: not eligible for auto-proxying)
2021-10-08 20:10:18.451 INFO  [main] [] o.s.c.s.PostProcessorRegistrationDelegate$BeanPostProcessorChecker: Bean 'org.springframework.cloud.alibaba.sentinel.custom.SentinelAutoConfiguration' of type [org.springframework.cloud.alibaba.sentinel.custom.SentinelAutoConfiguration$$EnhancerBySpringCGLIB$$61bf5d48] is not eligible for getting processed by all BeanPostProcessors (for example: not eligible for auto-proxying)
2021-10-08 20:10:18.595 INFO  [main] [] o.s.boot.web.embedded.tomcat.TomcatWebServer: Tomcat initialized with port(s): 9090 (http)
2021-10-08 20:10:18.601 INFO  [main] [] org.apache.catalina.core.StandardService: Starting service [Tomcat]
2021-10-08 20:10:18.601 INFO  [main] [] org.apache.catalina.core.StandardEngine: Starting Servlet engine: [Apache Tomcat/9.0.52]
2021-10-08 20:10:18.655 INFO  [main] [] o.a.c.core.ContainerBase.[Tomcat].[localhost].[/]: Initializing Spring embedded WebApplicationContext
2021-10-08 20:10:18.655 INFO  [main] [] o.s.b.w.s.c.ServletWebServerApplicationContext: Root WebApplicationContext: initialization completed in 1352 ms
2021-10-08 20:10:18.721 INFO  [main] [] o.s.c.a.sentinel.SentinelWebAutoConfiguration: [Sentinel Starter] register Sentinel with urlPatterns: [/*].
2021-10-08 20:10:18.824 WARN  [main] [] i.n.resolver.dns.DnsServerAddressStreamProviders: Can not find io.netty.resolver.dns.macos.MacOSDnsServerAddressStreamProvider in the classpath, fallback to system defaults. This may result in incorrect DNS resolutions on MacOS.
2021-10-08 20:10:19.128 INFO  [main] [] com.alibaba.druid.pool.DruidDataSource: {dataSource-1} inited
2021-10-08 20:10:19.260 INFO  [main] [] com.alibaba.druid.pool.DruidDataSource: {dataSource-2} inited
2021-10-08 20:10:19.312 INFO  [main] [] o.a.shardingsphere.core.log.ConfigurationLogger: ShardingRuleConfiguration:
bindingTables:
- t_order
- t_order_item
broadcastTables:
- t_config
defaultDataSourceName: db-0
tables:
  t_order:
    actualDataNodes: db-$->{0..1}.t_order_$->{0..2}
    databaseStrategy:
      inline:
        algorithmExpression: db-$->{order_id % 2}
        shardingColumn: order_id
    keyGenerator:
      column: order_id
      type: SNOWFLAKE
    logicTable: t_order
    tableStrategy:
      inline:
        algorithmExpression: t_order_$->{order_id % 3}
        shardingColumn: order_id

2021-10-08 20:10:19.312 INFO  [main] [] o.a.shardingsphere.core.log.ConfigurationLogger: Properties:
sql.show: 'true'

2021-10-08 20:10:19.315 INFO  [main] [] ShardingSphere-metadata: Loading 1 logic tables' meta data.
2021-10-08 20:10:19.330 INFO  [main] [] ShardingSphere-metadata: Loading 7 tables' meta data.
2021-10-08 20:10:19.356 INFO  [main] [] ShardingSphere-metadata: Meta data load finished, cost 44 milliseconds.
2021-10-08 20:10:19.466 WARN  [main] [] c.b.mybatisplus.core.metadata.TableInfoHelper: Can not find table primary key in Class: "com.whw.footstones.entity.TOrder0Entity".
2021-10-08 20:10:19.549 WARN  [main] [] o.s.b.w.s.c.AnnotationConfigServletWebServerApplicationContext: Exception encountered during context initialization - cancelling refresh attempt: org.springframework.beans.factory.UnsatisfiedDependencyException: Error creating bean with name 'redisLockUtil': Unsatisfied dependency expressed through field 'redissonClient'; nested exception is org.springframework.beans.factory.NoSuchBeanDefinitionException: No qualifying bean of type 'org.redisson.api.RedissonClient' available: expected at least 1 bean which qualifies as autowire candidate. Dependency annotations: {@org.springframework.beans.factory.annotation.Autowired(required=true)}
2021-10-08 20:10:19.552 INFO  [main] [] com.alibaba.druid.pool.DruidDataSource: {dataSource-1} closed
2021-10-08 20:10:19.552 INFO  [main] [] com.alibaba.druid.pool.DruidDataSource: {dataSource-2} closed
2021-10-08 20:10:19.565 INFO  [main] [] org.apache.catalina.core.StandardService: Stopping service [Tomcat]
2021-10-08 20:10:19.577 INFO  [main] [] o.s.b.a.l.ConditionEvaluationReportLoggingListener: 

Error starting ApplicationContext. To display the conditions report re-run your application with 'debug' enabled.
