2021-11-01 19:49:34.668 INFO  [main] [] com.whw.footstones.BasicApplication: Starting BasicApplication using Java 1.8.0_171 on 172-15-16-63.lightspeed.brhmal.sbcglobal.net with PID 4120 (/Users/chenlinya/github/footstones/web/target/classes started by chenlinya in /Users/chenlinya/github/footstones)
2021-11-01 19:49:34.670 INFO  [main] [] com.whw.footstones.BasicApplication: The following profiles are active: mysql,sharding,redis
2021-11-01 19:49:35.620 INFO  [main] [] o.s.d.r.config.RepositoryConfigurationDelegate: Multiple Spring Data modules found, entering strict repository configuration mode!
2021-11-01 19:49:35.622 INFO  [main] [] o.s.d.r.config.RepositoryConfigurationDelegate: Bootstrapping Spring Data Redis repositories in DEFAULT mode.
2021-11-01 19:49:35.654 INFO  [main] [] o.s.d.r.config.RepositoryConfigurationDelegate: Finished Spring Data repository scanning in 16 ms. Found 0 Redis repository interfaces.
2021-11-01 19:49:35.946 INFO  [main] [] o.s.c.s.PostProcessorRegistrationDelegate$BeanPostProcessorChecker: Bean 'stringToNoneShardingStrategyConfigurationConverter' of type [org.apache.shardingsphere.spring.boot.converter.StringToNoneShardingStrategyConfigurationConverter] is not eligible for getting processed by all BeanPostProcessors (for example: not eligible for auto-proxying)
2021-11-01 19:49:35.960 INFO  [main] [] o.s.c.s.PostProcessorRegistrationDelegate$BeanPostProcessorChecker: Bean 'spring.shardingsphere.sharding-org.apache.shardingsphere.shardingjdbc.spring.boot.sharding.SpringBootShardingRuleConfigurationProperties' of type [org.apache.shardingsphere.shardingjdbc.spring.boot.sharding.SpringBootShardingRuleConfigurationProperties] is not eligible for getting processed by all BeanPostProcessors (for example: not eligible for auto-proxying)
2021-11-01 19:49:35.962 INFO  [main] [] o.s.c.s.PostProcessorRegistrationDelegate$BeanPostProcessorChecker: Bean 'spring.shardingsphere.masterslave-org.apache.shardingsphere.shardingjdbc.spring.boot.masterslave.SpringBootMasterSlaveRuleConfigurationProperties' of type [org.apache.shardingsphere.shardingjdbc.spring.boot.masterslave.SpringBootMasterSlaveRuleConfigurationProperties] is not eligible for getting processed by all BeanPostProcessors (for example: not eligible for auto-proxying)
2021-11-01 19:49:35.964 INFO  [main] [] o.s.c.s.PostProcessorRegistrationDelegate$BeanPostProcessorChecker: Bean 'spring.shardingsphere.encrypt-org.apache.shardingsphere.shardingjdbc.spring.boot.encrypt.SpringBootEncryptRuleConfigurationProperties' of type [org.apache.shardingsphere.shardingjdbc.spring.boot.encrypt.SpringBootEncryptRuleConfigurationProperties] is not eligible for getting processed by all BeanPostProcessors (for example: not eligible for auto-proxying)
2021-11-01 19:49:35.966 INFO  [main] [] o.s.c.s.PostProcessorRegistrationDelegate$BeanPostProcessorChecker: Bean 'spring.shardingsphere.shadow-org.apache.shardingsphere.shardingjdbc.spring.boot.shadow.SpringBootShadowRuleConfigurationProperties' of type [org.apache.shardingsphere.shardingjdbc.spring.boot.shadow.SpringBootShadowRuleConfigurationProperties] is not eligible for getting processed by all BeanPostProcessors (for example: not eligible for auto-proxying)
2021-11-01 19:49:35.968 INFO  [main] [] o.s.c.s.PostProcessorRegistrationDelegate$BeanPostProcessorChecker: Bean 'spring.shardingsphere-org.apache.shardingsphere.shardingjdbc.spring.boot.common.SpringBootPropertiesConfigurationProperties' of type [org.apache.shardingsphere.shardingjdbc.spring.boot.common.SpringBootPropertiesConfigurationProperties] is not eligible for getting processed by all BeanPostProcessors (for example: not eligible for auto-proxying)
2021-11-01 19:49:36.252 INFO  [main] [] o.s.c.s.PostProcessorRegistrationDelegate$BeanPostProcessorChecker: Bean 'org.apache.shardingsphere.shardingjdbc.spring.boot.SpringBootConfiguration' of type [org.apache.shardingsphere.shardingjdbc.spring.boot.SpringBootConfiguration$$EnhancerBySpringCGLIB$$a89b7743] is not eligible for getting processed by all BeanPostProcessors (for example: not eligible for auto-proxying)
2021-11-01 19:49:36.519 INFO  [main] [] o.s.c.s.PostProcessorRegistrationDelegate$BeanPostProcessorChecker: Bean 'spring.cloud.sentinel-org.springframework.cloud.alibaba.sentinel.SentinelProperties' of type [org.springframework.cloud.alibaba.sentinel.SentinelProperties] is not eligible for getting processed by all BeanPostProcessors (for example: not eligible for auto-proxying)
2021-11-01 19:49:36.524 INFO  [main] [] o.s.c.s.PostProcessorRegistrationDelegate$BeanPostProcessorChecker: Bean 'org.springframework.cloud.alibaba.sentinel.custom.SentinelAutoConfiguration' of type [org.springframework.cloud.alibaba.sentinel.custom.SentinelAutoConfiguration$$EnhancerBySpringCGLIB$$d2155c0d] is not eligible for getting processed by all BeanPostProcessors (for example: not eligible for auto-proxying)
2021-11-01 19:49:36.730 INFO  [main] [] o.s.boot.web.embedded.tomcat.TomcatWebServer: Tomcat initialized with port(s): 9090 (http)
2021-11-01 19:49:36.739 INFO  [main] [] org.apache.catalina.core.StandardService: Starting service [Tomcat]
2021-11-01 19:49:36.739 INFO  [main] [] org.apache.catalina.core.StandardEngine: Starting Servlet engine: [Apache Tomcat/9.0.52]
2021-11-01 19:49:36.813 INFO  [main] [] o.a.c.core.ContainerBase.[Tomcat].[localhost].[/]: Initializing Spring embedded WebApplicationContext
2021-11-01 19:49:36.813 INFO  [main] [] o.s.b.w.s.c.ServletWebServerApplicationContext: Root WebApplicationContext: initialization completed in 1974 ms
2021-11-01 19:49:36.903 INFO  [main] [] o.s.c.a.sentinel.SentinelWebAutoConfiguration: [Sentinel Starter] register Sentinel with urlPatterns: [/*].
2021-11-01 19:49:37.060 WARN  [main] [] i.n.resolver.dns.DnsServerAddressStreamProviders: Can not find io.netty.resolver.dns.macos.MacOSDnsServerAddressStreamProvider in the classpath, fallback to system defaults. This may result in incorrect DNS resolutions on MacOS.
2021-11-01 19:49:37.486 INFO  [main] [] com.alibaba.druid.pool.DruidDataSource: {dataSource-1} inited
2021-11-01 19:49:37.691 INFO  [main] [] com.alibaba.druid.pool.DruidDataSource: {dataSource-2} inited
2021-11-01 19:49:37.784 INFO  [main] [] o.a.shardingsphere.core.log.ConfigurationLogger: ShardingRuleConfiguration:
bindingTables:
- t_order
- t_order_item
broadcastTables:
- t_config
defaultDataSourceName: db-0
tables:
  t_order:
    actualDataNodes: db-$->{0..1}.t_order_$->{0..2}
    databaseStrategy:
      inline:
        algorithmExpression: db-$->{order_id % 2}
        shardingColumn: order_id
    keyGenerator:
      column: order_id
      type: SNOWFLAKE
    logicTable: t_order
    tableStrategy:
      inline:
        algorithmExpression: t_order_$->{order_id % 3}
        shardingColumn: order_id

2021-11-01 19:49:37.785 INFO  [main] [] o.a.shardingsphere.core.log.ConfigurationLogger: Properties:
sql.show: 'true'

2021-11-01 19:49:37.789 INFO  [main] [] ShardingSphere-metadata: Loading 1 logic tables' meta data.
2021-11-01 19:49:37.830 INFO  [main] [] ShardingSphere-metadata: Loading 9 tables' meta data.
2021-11-01 19:49:37.870 INFO  [main] [] ShardingSphere-metadata: Meta data load finished, cost 85 milliseconds.
2021-11-01 19:49:38.030 WARN  [main] [] c.b.mybatisplus.core.metadata.TableInfoHelper: Can not find table primary key in Class: "com.whw.footstones.entity.TOrder0Entity".
2021-11-01 19:49:38.339 INFO  [main] [] org.redisson.Version: Redisson 3.11.1
2021-11-01 19:49:38.655 INFO  [redisson-netty-4-5] [] o.r.connection.pool.MasterPubSubConnectionPool: 1 connections initialized for 127.0.0.1/127.0.0.1:6379
2021-11-01 19:49:38.660 INFO  [redisson-netty-4-19] [] org.redisson.connection.pool.MasterConnectionPool: 24 connections initialized for 127.0.0.1/127.0.0.1:6379
2021-11-01 19:49:39.479 INFO  [main] [] o.s.b.actuate.endpoint.web.EndpointLinksResolver: Exposing 1 endpoint(s) beneath base path '/actuator'
2021-11-01 19:49:39.518 INFO  [main] [] o.s.boot.web.embedded.tomcat.TomcatWebServer: Tomcat started on port(s): 9090 (http) with context path ''
2021-11-01 19:49:39.532 INFO  [main] [] com.whw.footstones.BasicApplication: Started BasicApplication in 5.235 seconds (JVM running for 6.993)
