2021-10-08 19:47:42.654 ERROR [main] [] o.s.b.diagnostics.LoggingFailureAnalysisReporter: 

***************************
APPLICATION FAILED TO START
***************************

Description:

Field redissonClient in com.whw.footstones.util.RedisLockUtil required a bean of type 'org.redisson.api.RedissonClient' that could not be found.

The injection point has the following annotations:
	- @org.springframework.beans.factory.annotation.Autowired(required=true)


Action:

Consider defining a bean of type 'org.redisson.api.RedissonClient' in your configuration.

2021-10-08 19:48:12.803 ERROR [main] [] o.s.b.diagnostics.LoggingFailureAnalysisReporter: 

***************************
APPLICATION FAILED TO START
***************************

Description:

Field redissonClient in com.whw.footstones.util.RedisLockUtil required a bean of type 'org.redisson.api.RedissonClient' that could not be found.

The injection point has the following annotations:
	- @org.springframework.beans.factory.annotation.Autowired(required=true)


Action:

Consider defining a bean of type 'org.redisson.api.RedissonClient' in your configuration.

2021-10-08 19:49:28.610 ERROR [main] [] o.s.b.diagnostics.LoggingFailureAnalysisReporter: 

***************************
APPLICATION FAILED TO START
***************************

Description:

Field redissonClient in com.whw.footstones.util.RedisLockUtil required a bean of type 'org.redisson.api.RedissonClient' that could not be found.

The injection point has the following annotations:
	- @org.springframework.beans.factory.annotation.Autowired(required=true)


Action:

Consider defining a bean of type 'org.redisson.api.RedissonClient' in your configuration.

2021-10-08 19:49:59.420 ERROR [main] [] o.s.b.diagnostics.LoggingFailureAnalysisReporter: 

***************************
APPLICATION FAILED TO START
***************************

Description:

Field redissonClient in com.whw.footstones.util.RedisLockUtil required a bean of type 'org.redisson.api.RedissonClient' that could not be found.

The injection point has the following annotations:
	- @org.springframework.beans.factory.annotation.Autowired(required=true)


Action:

Consider defining a bean of type 'org.redisson.api.RedissonClient' in your configuration.

2021-10-08 20:08:10.119 ERROR [main] [] o.s.b.diagnostics.LoggingFailureAnalysisReporter: 

***************************
APPLICATION FAILED TO START
***************************

Description:

Field redissonClient in com.whw.footstones.util.RedisLockUtil required a bean of type 'org.redisson.api.RedissonClient' that could not be found.

The injection point has the following annotations:
	- @org.springframework.beans.factory.annotation.Autowired(required=true)


Action:

Consider defining a bean of type 'org.redisson.api.RedissonClient' in your configuration.

2021-10-08 20:09:08.312 ERROR [main] [] o.s.b.diagnostics.LoggingFailureAnalysisReporter: 

***************************
APPLICATION FAILED TO START
***************************

Description:

Field redissonClient in com.whw.footstones.util.RedissLockUtil required a bean of type 'org.redisson.api.RedissonClient' that could not be found.

The injection point has the following annotations:
	- @org.springframework.beans.factory.annotation.Autowired(required=true)


Action:

Consider defining a bean of type 'org.redisson.api.RedissonClient' in your configuration.

2021-10-08 20:10:19.592 ERROR [main] [] o.s.b.diagnostics.LoggingFailureAnalysisReporter: 

***************************
APPLICATION FAILED TO START
***************************

Description:

Field redissonClient in com.whw.footstones.util.RedisLockUtil required a bean of type 'org.redisson.api.RedissonClient' that could not be found.

The injection point has the following annotations:
	- @org.springframework.beans.factory.annotation.Autowired(required=true)


Action:

Consider defining a bean of type 'org.redisson.api.RedissonClient' in your configuration.

