2021-09-29 17:13:21.251 ERROR [main] [] o.s.b.diagnostics.LoggingFailureAnalysisReporter: 

***************************
APPLICATION FAILED TO START
***************************

Description:

An attempt was made to call a method that does not exist. The attempt was made from the following location:

    com.baomidou.mybatisplus.core.MybatisMapperAnnotationBuilder.getLanguageDriver(MybatisMapperAnnotationBuilder.java:386)

The following method did not exist:

    org.apache.ibatis.session.Configuration.getLanguageDriver(Ljava/lang/Class;)Lorg/apache/ibatis/scripting/LanguageDriver;

The method's class, org.apache.ibatis.session.Configuration, is available from the following locations:

    jar:file:/Users/chenlinya/maven/org/mybatis/mybatis/3.4.2/mybatis-3.4.2.jar!/org/apache/ibatis/session/Configuration.class

The class hierarchy was loaded from the following locations:

    org.apache.ibatis.session.Configuration: file:/Users/chenlinya/maven/org/mybatis/mybatis/3.4.2/mybatis-3.4.2.jar


Action:

Correct the classpath of your application so that it contains a single, compatible version of org.apache.ibatis.session.Configuration

2021-09-29 17:14:59.127 ERROR [main] [] o.s.b.diagnostics.LoggingFailureAnalysisReporter: 

***************************
APPLICATION FAILED TO START
***************************

Description:

An attempt was made to call a method that does not exist. The attempt was made from the following location:

    com.baomidou.mybatisplus.core.MybatisMapperAnnotationBuilder.getLanguageDriver(MybatisMapperAnnotationBuilder.java:386)

The following method did not exist:

    org.apache.ibatis.session.Configuration.getLanguageDriver(Ljava/lang/Class;)Lorg/apache/ibatis/scripting/LanguageDriver;

The method's class, org.apache.ibatis.session.Configuration, is available from the following locations:

    jar:file:/Users/chenlinya/maven/org/mybatis/mybatis/3.4.2/mybatis-3.4.2.jar!/org/apache/ibatis/session/Configuration.class

The class hierarchy was loaded from the following locations:

    org.apache.ibatis.session.Configuration: file:/Users/chenlinya/maven/org/mybatis/mybatis/3.4.2/mybatis-3.4.2.jar


Action:

Correct the classpath of your application so that it contains a single, compatible version of org.apache.ibatis.session.Configuration

2021-09-29 17:16:51.359 ERROR [main] [] o.s.b.diagnostics.LoggingFailureAnalysisReporter: 

***************************
APPLICATION FAILED TO START
***************************

Description:

An attempt was made to call a method that does not exist. The attempt was made from the following location:

    com.baomidou.mybatisplus.core.MybatisMapperAnnotationBuilder.getLanguageDriver(MybatisMapperAnnotationBuilder.java:386)

The following method did not exist:

    org.apache.ibatis.session.Configuration.getLanguageDriver(Ljava/lang/Class;)Lorg/apache/ibatis/scripting/LanguageDriver;

The method's class, org.apache.ibatis.session.Configuration, is available from the following locations:

    jar:file:/Users/chenlinya/maven/org/mybatis/mybatis/3.4.2/mybatis-3.4.2.jar!/org/apache/ibatis/session/Configuration.class

The class hierarchy was loaded from the following locations:

    org.apache.ibatis.session.Configuration: file:/Users/chenlinya/maven/org/mybatis/mybatis/3.4.2/mybatis-3.4.2.jar


Action:

Correct the classpath of your application so that it contains a single, compatible version of org.apache.ibatis.session.Configuration

2021-09-29 17:26:11.211 ERROR [main] [] o.s.b.diagnostics.LoggingFailureAnalysisReporter: 

***************************
APPLICATION FAILED TO START
***************************

Description:

An attempt was made to call a method that does not exist. The attempt was made from the following location:

    com.baomidou.mybatisplus.core.MybatisMapperAnnotationBuilder.getLanguageDriver(MybatisMapperAnnotationBuilder.java:386)

The following method did not exist:

    org.apache.ibatis.session.Configuration.getLanguageDriver(Ljava/lang/Class;)Lorg/apache/ibatis/scripting/LanguageDriver;

The method's class, org.apache.ibatis.session.Configuration, is available from the following locations:

    jar:file:/Users/chenlinya/maven/org/mybatis/mybatis/3.4.2/mybatis-3.4.2.jar!/org/apache/ibatis/session/Configuration.class

The class hierarchy was loaded from the following locations:

    org.apache.ibatis.session.Configuration: file:/Users/chenlinya/maven/org/mybatis/mybatis/3.4.2/mybatis-3.4.2.jar


Action:

Correct the classpath of your application so that it contains a single, compatible version of org.apache.ibatis.session.Configuration

2021-09-29 17:34:55.437 ERROR [main] [] o.s.b.diagnostics.LoggingFailureAnalysisReporter: 

***************************
APPLICATION FAILED TO START
***************************

Description:

An attempt was made to call a method that does not exist. The attempt was made from the following location:

    com.baomidou.mybatisplus.core.MybatisMapperAnnotationBuilder.getLanguageDriver(MybatisMapperAnnotationBuilder.java:386)

The following method did not exist:

    org.apache.ibatis.session.Configuration.getLanguageDriver(Ljava/lang/Class;)Lorg/apache/ibatis/scripting/LanguageDriver;

The method's class, org.apache.ibatis.session.Configuration, is available from the following locations:

    jar:file:/Users/chenlinya/maven/org/mybatis/mybatis/3.4.2/mybatis-3.4.2.jar!/org/apache/ibatis/session/Configuration.class

The class hierarchy was loaded from the following locations:

    org.apache.ibatis.session.Configuration: file:/Users/chenlinya/maven/org/mybatis/mybatis/3.4.2/mybatis-3.4.2.jar


Action:

Correct the classpath of your application so that it contains a single, compatible version of org.apache.ibatis.session.Configuration

2021-09-29 17:35:12.711 ERROR [main] [] o.s.b.diagnostics.LoggingFailureAnalysisReporter: 

***************************
APPLICATION FAILED TO START
***************************

Description:

An attempt was made to call a method that does not exist. The attempt was made from the following location:

    com.baomidou.mybatisplus.core.MybatisMapperAnnotationBuilder.getLanguageDriver(MybatisMapperAnnotationBuilder.java:386)

The following method did not exist:

    org.apache.ibatis.session.Configuration.getLanguageDriver(Ljava/lang/Class;)Lorg/apache/ibatis/scripting/LanguageDriver;

The method's class, org.apache.ibatis.session.Configuration, is available from the following locations:

    jar:file:/Users/chenlinya/maven/org/mybatis/mybatis/3.4.2/mybatis-3.4.2.jar!/org/apache/ibatis/session/Configuration.class

The class hierarchy was loaded from the following locations:

    org.apache.ibatis.session.Configuration: file:/Users/chenlinya/maven/org/mybatis/mybatis/3.4.2/mybatis-3.4.2.jar


Action:

Correct the classpath of your application so that it contains a single, compatible version of org.apache.ibatis.session.Configuration

2021-09-29 19:45:41.574 ERROR [main] [] o.s.b.diagnostics.LoggingFailureAnalysisReporter: 

***************************
APPLICATION FAILED TO START
***************************

Description:

Field authSSOInterceptor in com.whw.footstones.interceptor.WebInterceptorConfig required a bean of type 'com.whw.footstones.interceptor.AuthSSOInterceptor' that could not be found.

The injection point has the following annotations:
	- @org.springframework.beans.factory.annotation.Autowired(required=true)


Action:

Consider defining a bean of type 'com.whw.footstones.interceptor.AuthSSOInterceptor' in your configuration.

2021-09-29 19:46:50.240 ERROR [main] [] org.springframework.boot.SpringApplication: Application run failed
org.springframework.beans.factory.BeanCreationException: Error creating bean with name 'authSSOInterceptor': Injection of autowired dependencies failed; nested exception is java.lang.IllegalArgumentException: Could not resolve placeholder 'allow.cross.domain' in value "${allow.cross.domain}"
	at org.springframework.beans.factory.annotation.AutowiredAnnotationBeanPostProcessor.postProcessProperties(AutowiredAnnotationBeanPostProcessor.java:405)
	at org.springframework.beans.factory.support.AbstractAutowireCapableBeanFactory.populateBean(AbstractAutowireCapableBeanFactory.java:1413)
	at org.springframework.beans.factory.support.AbstractAutowireCapableBeanFactory.doCreateBean(AbstractAutowireCapableBeanFactory.java:601)
	at org.springframework.beans.factory.support.AbstractAutowireCapableBeanFactory.createBean(AbstractAutowireCapableBeanFactory.java:524)
	at org.springframework.beans.factory.support.AbstractBeanFactory.lambda$doGetBean$0(AbstractBeanFactory.java:335)
	at org.springframework.beans.factory.support.DefaultSingletonBeanRegistry.getSingleton(DefaultSingletonBeanRegistry.java:234)
	at org.springframework.beans.factory.support.AbstractBeanFactory.doGetBean(AbstractBeanFactory.java:333)
	at org.springframework.beans.factory.support.AbstractBeanFactory.getBean(AbstractBeanFactory.java:208)
	at org.springframework.beans.factory.support.DefaultListableBeanFactory.preInstantiateSingletons(DefaultListableBeanFactory.java:944)
	at org.springframework.context.support.AbstractApplicationContext.finishBeanFactoryInitialization(AbstractApplicationContext.java:918)
	at org.springframework.context.support.AbstractApplicationContext.refresh(AbstractApplicationContext.java:583)
	at org.springframework.boot.web.servlet.context.ServletWebServerApplicationContext.refresh(ServletWebServerApplicationContext.java:145)
	at org.springframework.boot.SpringApplication.refresh(SpringApplication.java:754)
	at org.springframework.boot.SpringApplication.refreshContext(SpringApplication.java:434)
	at org.springframework.boot.SpringApplication.run(SpringApplication.java:338)
	at org.springframework.boot.SpringApplication.run(SpringApplication.java:1343)
	at org.springframework.boot.SpringApplication.run(SpringApplication.java:1332)
	at com.whw.footstones.BasicApplication.main(BasicApplication.java:12)
Caused by: java.lang.IllegalArgumentException: Could not resolve placeholder 'allow.cross.domain' in value "${allow.cross.domain}"
	at org.springframework.util.PropertyPlaceholderHelper.parseStringValue(PropertyPlaceholderHelper.java:180)
	at org.springframework.util.PropertyPlaceholderHelper.replacePlaceholders(PropertyPlaceholderHelper.java:126)
	at org.springframework.core.env.AbstractPropertyResolver.doResolvePlaceholders(AbstractPropertyResolver.java:239)
	at org.springframework.core.env.AbstractPropertyResolver.resolveRequiredPlaceholders(AbstractPropertyResolver.java:210)
	at org.springframework.context.support.PropertySourcesPlaceholderConfigurer.lambda$processProperties$0(PropertySourcesPlaceholderConfigurer.java:175)
	at org.springframework.beans.factory.support.AbstractBeanFactory.resolveEmbeddedValue(AbstractBeanFactory.java:936)
	at org.springframework.beans.factory.support.DefaultListableBeanFactory.doResolveDependency(DefaultListableBeanFactory.java:1321)
	at org.springframework.beans.factory.support.DefaultListableBeanFactory.resolveDependency(DefaultListableBeanFactory.java:1300)
	at org.springframework.beans.factory.annotation.AutowiredAnnotationBeanPostProcessor$AutowiredFieldElement.resolveFieldValue(AutowiredAnnotationBeanPostProcessor.java:657)
	at org.springframework.beans.factory.annotation.AutowiredAnnotationBeanPostProcessor$AutowiredFieldElement.inject(AutowiredAnnotationBeanPostProcessor.java:640)
	at org.springframework.beans.factory.annotation.InjectionMetadata.inject(InjectionMetadata.java:119)
	at org.springframework.beans.factory.annotation.AutowiredAnnotationBeanPostProcessor.postProcessProperties(AutowiredAnnotationBeanPostProcessor.java:399)
	... 17 common frames omitted
